#! c:/iverilog/bin/vvp
:ivl_version "0.10.0 (devel)" "(s20130827)";
:ivl_delay_selection "TYPICAL";
:vpi_time_precision + 0;
:vpi_module "system";
:vpi_module "vhdl_sys";
:vpi_module "v2005_math";
:vpi_module "va_math";
S_01182FF8 .scope module, "fuladder" "fuladder" 2 1;
 .timescale 0 0;
    .port_info 0 /OUTPUT 1 "s"
    .port_info 1 /OUTPUT 1 "cout"
    .port_info 2 /INPUT 1 "a"
    .port_info 3 /INPUT 1 "b"
    .port_info 4 /INPUT 1 "c"
o010118EC .functor BUFZ 1, C4<z>; HiZ drive
o01011904 .functor BUFZ 1, C4<z>; HiZ drive
L_01183178 .functor XOR 1, o010118EC, o01011904, C4<0>, C4<0>;
o0101191C .functor BUFZ 1, C4<z>; HiZ drive
L_0118EBF8 .functor XOR 1, L_01183178, o0101191C, C4<0>, C4<0>;
L_0118EC40 .functor AND 1, o010118EC, o01011904, C4<1>, C4<1>;
L_0118EC88 .functor AND 1, o01011904, o0101191C, C4<1>, C4<1>;
L_0118ECD0 .functor OR 1, L_0118EC40, L_0118EC88, C4<0>, C4<0>;
L_0118ED18 .functor AND 1, o010118EC, o0101191C, C4<1>, C4<1>;
L_0118ED60 .functor OR 1, L_0118ECD0, L_0118ED18, C4<0>, C4<0>;
v011880B8_0 .net *"_s0", 0 0, L_01183178;  1 drivers
v011830C8_0 .net *"_s10", 0 0, L_0118ED18;  1 drivers
v01183120_0 .net *"_s4", 0 0, L_0118EC40;  1 drivers
v0118E1F0_0 .net *"_s6", 0 0, L_0118EC88;  1 drivers
v0118EA50_0 .net *"_s8", 0 0, L_0118ECD0;  1 drivers
v0118EAA8_0 .net "a", 0 0, o010118EC;  0 drivers
v0118EB00_0 .net "b", 0 0, o01011904;  0 drivers
v0118EB58_0 .net "c", 0 0, o0101191C;  0 drivers
v010438F0_0 .net "cout", 0 0, L_0118ED60;  1 drivers
v01043BB0_0 .net "s", 0 0, L_0118EBF8;  1 drivers
# The file index is used to find the file name in the following table.
:file_names 3;
    "N/A";
    "<interactive>";
    "1.v";
