#! c:/iverilog/bin/vvp
:ivl_version "0.10.0 (devel)" "(s20130827)";
:ivl_delay_selection "TYPICAL";
:vpi_time_precision + 0;
:vpi_module "system";
:vpi_module "vhdl_sys";
:vpi_module "v2005_math";
:vpi_module "va_math";
S_010EFA78 .scope module, "prefixtb" "prefixtb" 2 1;
 .timescale 0 0;
v011A34E0_0 .var "c", 0 0;
v011A3748_0 .net "cout", 0 0, L_011B2CE8;  1 drivers
v011A33D8_0 .net "s", 31 0, L_011B7B78;  1 drivers
v011A3900_0 .var "x", 31 0;
v011A39B0_0 .var "y", 31 0;
S_010EFB48 .scope module, "p" "prefix32" 2 7, 3 1 0, S_010EFA78;
 .timescale 0 0;
    .port_info 0 /OUTPUT 32 "s"
    .port_info 1 /OUTPUT 1 "cout"
    .port_info 2 /INPUT 32 "a"
    .port_info 3 /INPUT 32 "b"
    .port_info 4 /INPUT 1 "c"
v011A3A08_0 .net "a", 31 0, v011A3900_0;  1 drivers
v011A3DD0_0 .net "b", 31 0, v011A39B0_0;  1 drivers
v011A3A60_0 .net "c", 0 0, v011A34E0_0;  1 drivers
v011A3850_0 .net "cout", 0 0, L_011B2CE8;  alias, 1 drivers
v011A3590_0 .net "s", 31 0, L_011B7B78;  alias, 1 drivers
v011A37A0_0 .net "w", 0 0, L_011ADBA8;  1 drivers
L_011AAE80 .part v011A3900_0, 0, 16;
L_011AAF88 .part v011A39B0_0, 0, 16;
L_011B7B78 .concat8 [ 16 16 0 0], L_011AE100, L_011B29D0;
L_011B73E8 .part v011A3900_0, 16, 16;
L_011B7C28 .part v011A39B0_0, 16, 16;
S_010ECC88 .scope module, "p1" "prefix16" 3 8, 4 1 0, S_010EFB48;
 .timescale 0 0;
    .port_info 0 /OUTPUT 16 "s"
    .port_info 1 /OUTPUT 1 "cout"
    .port_info 2 /INPUT 16 "x"
    .port_info 3 /INPUT 16 "y"
    .port_info 4 /INPUT 1 "c"
L_011A5358 .functor XOR 16, L_011AAE80, L_011AAF88, C4<0000000000000000>, C4<0000000000000000>;
L_011A53A0 .functor AND 16, L_011AAE80, L_011AAF88, C4<1111111111111111>, C4<1111111111111111>;
L_011A53E8 .functor OR 16, L_011A53A0, L_011A5358, C4<0000000000000000>, C4<0000000000000000>;
L_011A5430 .functor BUFZ 1, v011A34E0_0, C4<0>, C4<0>, C4<0>;
L_011AE100 .functor XOR 16, L_011AAD20, L_011A5358, C4<0000000000000000>, C4<0000000000000000>;
o0115DF04 .functor BUFZ 1, C4<z>; HiZ drive
; Elide local net with no drivers, v01194B98_0 name=_s391
o0115DF1C .functor BUFZ 21, C4<zzzzzzzzzzzzzzzzzzzzz>; HiZ drive
; Elide local net with no drivers, v011947D0_0 name=_s393
v01194BF0_0 .net *"_s9", 0 0, L_011A5430;  1 drivers
v01194AE8_0 .net "a", 15 0, L_011A53E8;  1 drivers
v01194828_0 .net "c", 0 0, v011A34E0_0;  alias, 1 drivers
v011943B0_0 .net "cout", 0 0, L_011ADBA8;  alias, 1 drivers
v01194988_0 .net "g", 15 0, L_011A53A0;  1 drivers
v01194B40_0 .net "p", 15 0, L_011A5358;  1 drivers
v01194408_0 .net "s", 15 0, L_011AE100;  1 drivers
v01194880_0 .net "w1", 15 0, L_011AAD20;  1 drivers
v01194510_0 .net "w2", 63 0, L_011B79C0;  1 drivers
v01194358_0 .net "x", 15 0, L_011AAE80;  1 drivers
v01194460_0 .net "y", 15 0, L_011AAF88;  1 drivers
L_011A3488 .part L_011A53A0, 0, 1;
L_011A3538 .part L_011A53E8, 0, 1;
L_011A3CC8 .part L_011A53A0, 2, 1;
L_011A35E8 .part L_011A53E8, 2, 1;
L_011A3640 .part L_011A53A0, 1, 1;
L_011A3C18 .part L_011A53E8, 1, 1;
L_011A36F0 .part L_011A53A0, 4, 1;
L_011A3B68 .part L_011A53E8, 4, 1;
L_011A3D20 .part L_011A53A0, 3, 1;
L_011A3380 .part L_011A53E8, 3, 1;
L_011A4928 .part L_011A53A0, 6, 1;
L_011A41F0 .part L_011A53E8, 6, 1;
L_011A4090 .part L_011A53A0, 5, 1;
L_011A4610 .part L_011A53E8, 5, 1;
L_011A3FE0 .part L_011A53A0, 8, 1;
L_011A44B0 .part L_011A53E8, 8, 1;
L_011A4038 .part L_011A53A0, 7, 1;
L_011A40E8 .part L_011A53E8, 7, 1;
L_011A4140 .part L_011A53A0, 10, 1;
L_011A4878 .part L_011A53E8, 10, 1;
L_011A4198 .part L_011A53A0, 9, 1;
L_011A46C0 .part L_011A53E8, 9, 1;
L_011A4248 .part L_011A53A0, 12, 1;
L_011A45B8 .part L_011A53E8, 12, 1;
L_011A4350 .part L_011A53A0, 11, 1;
L_011A43A8 .part L_011A53E8, 11, 1;
L_011A4508 .part L_011A53A0, 14, 1;
L_011A3E80 .part L_011A53E8, 14, 1;
L_011A4400 .part L_011A53A0, 13, 1;
L_011A42A0 .part L_011A53E8, 13, 1;
L_011A42F8 .part L_011A53A0, 1, 1;
L_011A3ED8 .part L_011A53E8, 1, 1;
L_011A4458 .part L_011AAD20, 1, 1;
L_011A3F30 .part L_011B79C0, 1, 1;
L_011A4560 .part L_011B79C0, 2, 1;
L_011A48D0 .part L_011AAD20, 1, 1;
L_011A4668 .part L_011A53A0, 5, 1;
L_011A3F88 .part L_011A53E8, 5, 1;
L_011A4718 .part L_011B79C0, 3, 1;
L_011A4770 .part L_011B79C0, 4, 1;
L_011A47C8 .part L_011B79C0, 5, 1;
L_011A4820 .part L_011B79C0, 6, 1;
L_011A4980 .part L_011B79C0, 3, 1;
L_011A5218 .part L_011B79C0, 4, 1;
L_011A4B38 .part L_011A53A0, 9, 1;
L_011A4F58 .part L_011A53E8, 9, 1;
L_011A5008 .part L_011B79C0, 7, 1;
L_011A4E50 .part L_011B79C0, 8, 1;
L_011A49D8 .part L_011B79C0, 9, 1;
L_011A4A30 .part L_011B79C0, 10, 1;
L_011A4D48 .part L_011B79C0, 7, 1;
L_011A4C40 .part L_011B79C0, 8, 1;
L_011A4DA0 .part L_011A53A0, 13, 1;
L_011A4EA8 .part L_011A53E8, 13, 1;
L_011A4A88 .part L_011B79C0, 11, 1;
L_011A50B8 .part L_011B79C0, 12, 1;
L_011A4AE0 .part L_011B79C0, 13, 1;
L_011A4B90 .part L_011B79C0, 14, 1;
L_011A4FB0 .part L_011B79C0, 11, 1;
L_011A5110 .part L_011B79C0, 12, 1;
L_011A4F00 .part L_011A53A0, 3, 1;
L_011A5168 .part L_011A53E8, 3, 1;
L_011A4BE8 .part L_011AAD20, 3, 1;
L_011A5060 .part L_011B79C0, 3, 1;
L_011A52C8 .part L_011B79C0, 4, 1;
L_011A51C0 .part L_011AAD20, 3, 1;
L_011A4C98 .part L_011B79C0, 15, 1;
L_011A4CF0 .part L_011B79C0, 16, 1;
L_011A5270 .part L_011AAD20, 3, 1;
L_011A4DF8 .part L_011B79C0, 17, 1;
L_011A9BF0 .part L_011B79C0, 18, 1;
L_011A9E00 .part L_011AAD20, 3, 1;
L_011A9E58 .part L_011A53A0, 7, 1;
L_011AA068 .part L_011A53E8, 7, 1;
L_011A9D50 .part L_011B79C0, 17, 1;
L_011AA010 .part L_011B79C0, 18, 1;
L_011AA2D0 .part L_011B79C0, 7, 1;
L_011A9B98 .part L_011B79C0, 8, 1;
L_011AA380 .part L_011B79C0, 17, 1;
L_011A9F60 .part L_011B79C0, 18, 1;
L_011AA4E0 .part L_011B79C0, 19, 1;
L_011A9C48 .part L_011B79C0, 20, 1;
L_011AA538 .part L_011B79C0, 17, 1;
L_011A9CA0 .part L_011B79C0, 18, 1;
L_011A9B40 .part L_011B79C0, 21, 1;
L_011AA590 .part L_011B79C0, 22, 1;
L_011A9CF8 .part L_011B79C0, 17, 1;
L_011AA5E8 .part L_011B79C0, 18, 1;
L_011AA328 .part L_011A53A0, 11, 1;
L_011AA430 .part L_011A53E8, 11, 1;
L_011A9DA8 .part L_011B79C0, 21, 1;
L_011A9EB0 .part L_011B79C0, 22, 1;
L_011AA170 .part L_011B79C0, 11, 1;
L_011A9F08 .part L_011B79C0, 12, 1;
L_011A9FB8 .part L_011B79C0, 21, 1;
L_011AA278 .part L_011B79C0, 22, 1;
L_011AA0C0 .part L_011B79C0, 23, 1;
L_011AA118 .part L_011B79C0, 24, 1;
L_011AA1C8 .part L_011B79C0, 21, 1;
L_011AA220 .part L_011B79C0, 22, 1;
L_011AA3D8 .part L_011B79C0, 25, 1;
L_011AA488 .part L_011B79C0, 26, 1;
L_011AB0E8 .part L_011B79C0, 21, 1;
L_011AAAB8 .part L_011B79C0, 22, 1;
L_011AAD78 .part L_011B79C0, 27, 1;
L_011AAC70 .part L_011B79C0, 28, 1;
L_011AAB68 .part L_011AAD20, 7, 1;
L_011AAFE0 .part L_011B79C0, 29, 1;
L_011AAB10 .part L_011B79C0, 30, 1;
L_011AAC18 .part L_011AAD20, 7, 1;
L_011AB038 .part L_011B79C0, 31, 1;
L_011AA6F0 .part L_011B79C0, 32, 1;
L_011AA900 .part L_011AAD20, 7, 1;
L_011AACC8 .part L_011B79C0, 33, 1;
L_011AA958 .part L_011B79C0, 34, 1;
L_011AA9B0 .part L_011AAD20, 7, 1;
L_011AB090 .part L_011B79C0, 35, 1;
L_011AA640 .part L_011B79C0, 36, 1;
L_011AA748 .part L_011AAD20, 7, 1;
L_011AA698 .part L_011B79C0, 37, 1;
L_011AAF30 .part L_011B79C0, 38, 1;
L_011AAED8 .part L_011AAD20, 7, 1;
L_011AA7A0 .part L_011B79C0, 39, 1;
L_011AA7F8 .part L_011B79C0, 40, 1;
L_011AA8A8 .part L_011AAD20, 7, 1;
LS_011AAD20_0_0 .concat8 [ 1 1 1 1], L_011A5430, L_011A55E0, L_011A5B38, L_011A57D8;
LS_011AAD20_0_4 .concat8 [ 1 1 1 1], L_011A6510, L_011A6948, L_011A64C8, L_011A6558;
LS_011AAD20_0_8 .concat8 [ 1 1 1 1], L_011A6D38, L_011A6F78, L_011A7098, L_011A71B8;
LS_011AAD20_0_12 .concat8 [ 1 1 1 1], L_011AD848, L_011ADAD0, L_011ADA88, L_011AE0B8;
L_011AAD20 .concat8 [ 4 4 4 4], LS_011AAD20_0_0, LS_011AAD20_0_4, LS_011AAD20_0_8, LS_011AAD20_0_12;
L_011AABC0 .part L_011B79C0, 41, 1;
L_011AADD0 .part L_011B79C0, 42, 1;
L_011AAE28 .part L_011AAD20, 7, 1;
L_011AA850 .part L_011A53A0, 15, 1;
L_011AAA08 .part L_011A53E8, 15, 1;
L_011AAA60 .part L_011AAD20, 15, 1;
LS_011B79C0_0_0 .concat [ 1 1 1 1], o0115DF04, L_011A5CE8, L_011A5598, L_011A5AF0;
LS_011B79C0_0_4 .concat [ 1 1 1 1], L_011A5BC8, L_011A58F8, L_011A5628, L_011A56B8;
LS_011B79C0_0_8 .concat [ 1 1 1 1], L_011A5AA8, L_011A5550, L_011A5670, L_011A5A18;
LS_011B79C0_0_12 .concat [ 1 1 1 1], L_011A5700, L_011A5790, L_011A5820, L_011A5A60;
LS_011B79C0_0_16 .concat [ 1 1 1 1], L_011A6828, L_011A6360, L_011A6A20, L_011A6AB0;
LS_011B79C0_0_20 .concat [ 1 1 1 1], L_011A6750, L_011A67E0, L_011A63A8, L_011A6900;
LS_011B79C0_0_24 .concat [ 1 1 1 1], L_011A63F0, L_011A6438, L_011A65A0, L_011A6A68;
LS_011B79C0_0_28 .concat [ 1 1 1 1], L_011A6B40, L_011A6318, L_011A65E8, L_011A66C0;
LS_011B79C0_0_32 .concat [ 1 1 1 1], L_011A6D80, L_011A6C60, L_011A7248, L_011A7008;
LS_011B79C0_0_36 .concat [ 1 1 1 1], L_011A6E58, L_011A6EA0, L_011A7128, L_011A7050;
LS_011B79C0_0_40 .concat [ 1 1 1 21], L_011A6DC8, L_011A6CF0, L_011A6FC0, o0115DF1C;
LS_011B79C0_1_0 .concat [ 4 4 4 4], LS_011B79C0_0_0, LS_011B79C0_0_4, LS_011B79C0_0_8, LS_011B79C0_0_12;
LS_011B79C0_1_4 .concat [ 4 4 4 4], LS_011B79C0_0_16, LS_011B79C0_0_20, LS_011B79C0_0_24, LS_011B79C0_0_28;
LS_011B79C0_1_8 .concat [ 4 4 24 0], LS_011B79C0_0_32, LS_011B79C0_0_36, LS_011B79C0_0_40;
L_011B79C0 .concat [ 16 16 32 0], LS_011B79C0_1_0, LS_011B79C0_1_4, LS_011B79C0_1_8;
S_010ECD58 .scope module, "c1" "circle" 4 15, 5 1 0, S_010ECC88;
 .timescale 0 0;
    .port_info 0 /OUTPUT 1 "gout"
    .port_info 1 /OUTPUT 1 "aout"
    .port_info 2 /INPUT 1 "gl"
    .port_info 3 /INPUT 1 "al"
    .port_info 4 /INPUT 1 "gr"
    .port_info 5 /INPUT 1 "ar"
L_011A5868 .functor AND 1, L_011A35E8, L_011A3640, C4<1>, C4<1>;
L_011A5CE8 .functor OR 1, L_011A3CC8, L_011A5868, C4<0>, C4<0>;
L_011A5598 .functor AND 1, L_011A35E8, L_011A3C18, C4<1>, C4<1>;
v011508C0_0 .net *"_s0", 0 0, L_011A5868;  1 drivers
v01150970_0 .net "al", 0 0, L_011A35E8;  1 drivers
v011509C8_0 .net "aout", 0 0, L_011A5598;  1 drivers
v01150708_0 .net "ar", 0 0, L_011A3C18;  1 drivers
v011506B0_0 .net "gl", 0 0, L_011A3CC8;  1 drivers
v01150AD0_0 .net "gout", 0 0, L_011A5CE8;  1 drivers
v01150658_0 .net "gr", 0 0, L_011A3640;  1 drivers
S_008E44B8 .scope module, "c10" "circle" 4 28, 5 1 0, S_010ECC88;
 .timescale 0 0;
    .port_info 0 /OUTPUT 1 "gout"
    .port_info 1 /OUTPUT 1 "aout"
    .port_info 2 /INPUT 1 "gl"
    .port_info 3 /INPUT 1 "al"
    .port_info 4 /INPUT 1 "gr"
    .port_info 5 /INPUT 1 "ar"
L_011A6708 .functor AND 1, L_011A4F58, L_011A5008, C4<1>, C4<1>;
L_011A6AB0 .functor OR 1, L_011A4B38, L_011A6708, C4<0>, C4<0>;
L_011A6750 .functor AND 1, L_011A4F58, L_011A4E50, C4<1>, C4<1>;
v01150A20_0 .net *"_s0", 0 0, L_011A6708;  1 drivers
v01150760_0 .net "al", 0 0, L_011A4F58;  1 drivers
v0118DA28_0 .net "aout", 0 0, L_011A6750;  1 drivers
v0118E1B8_0 .net "ar", 0 0, L_011A4E50;  1 drivers
v0118DC90_0 .net "gl", 0 0, L_011A4B38;  1 drivers
v0118D870_0 .net "gout", 0 0, L_011A6AB0;  1 drivers
v0118D9D0_0 .net "gr", 0 0, L_011A5008;  1 drivers
S_008E4588 .scope module, "c11" "circle" 4 29, 5 1 0, S_010ECC88;
 .timescale 0 0;
    .port_info 0 /OUTPUT 1 "gout"
    .port_info 1 /OUTPUT 1 "aout"
    .port_info 2 /INPUT 1 "gl"
    .port_info 3 /INPUT 1 "al"
    .port_info 4 /INPUT 1 "gr"
    .port_info 5 /INPUT 1 "ar"
L_011A6798 .functor AND 1, L_011A4A30, L_011A4D48, C4<1>, C4<1>;
L_011A67E0 .functor OR 1, L_011A49D8, L_011A6798, C4<0>, C4<0>;
L_011A63A8 .functor AND 1, L_011A4A30, L_011A4C40, C4<1>, C4<1>;
v0118DEA0_0 .net *"_s0", 0 0, L_011A6798;  1 drivers
v0118DCE8_0 .net "al", 0 0, L_011A4A30;  1 drivers
v0118DFA8_0 .net "aout", 0 0, L_011A63A8;  1 drivers
v0118E000_0 .net "ar", 0 0, L_011A4C40;  1 drivers
v0118E268_0 .net "gl", 0 0, L_011A49D8;  1 drivers
v0118E160_0 .net "gout", 0 0, L_011A67E0;  1 drivers
v0118E058_0 .net "gr", 0 0, L_011A4D48;  1 drivers
S_008E3960 .scope module, "c12" "circle" 4 30, 5 1 0, S_010ECC88;
 .timescale 0 0;
    .port_info 0 /OUTPUT 1 "gout"
    .port_info 1 /OUTPUT 1 "aout"
    .port_info 2 /INPUT 1 "gl"
    .port_info 3 /INPUT 1 "al"
    .port_info 4 /INPUT 1 "gr"
    .port_info 5 /INPUT 1 "ar"
L_011A6870 .functor AND 1, L_011A4EA8, L_011A4A88, C4<1>, C4<1>;
L_011A6900 .functor OR 1, L_011A4DA0, L_011A6870, C4<0>, C4<0>;
L_011A63F0 .functor AND 1, L_011A4EA8, L_011A50B8, C4<1>, C4<1>;
v0118E0B0_0 .net *"_s0", 0 0, L_011A6870;  1 drivers
v0118DEF8_0 .net "al", 0 0, L_011A4EA8;  1 drivers
v0118E210_0 .net "aout", 0 0, L_011A63F0;  1 drivers
v0118D8C8_0 .net "ar", 0 0, L_011A50B8;  1 drivers
v0118DF50_0 .net "gl", 0 0, L_011A4DA0;  1 drivers
v0118DD40_0 .net "gout", 0 0, L_011A6900;  1 drivers
v0118DA80_0 .net "gr", 0 0, L_011A4A88;  1 drivers
S_008E3A30 .scope module, "c13" "circle" 4 31, 5 1 0, S_010ECC88;
 .timescale 0 0;
    .port_info 0 /OUTPUT 1 "gout"
    .port_info 1 /OUTPUT 1 "aout"
    .port_info 2 /INPUT 1 "gl"
    .port_info 3 /INPUT 1 "al"
    .port_info 4 /INPUT 1 "gr"
    .port_info 5 /INPUT 1 "ar"
L_011A68B8 .functor AND 1, L_011A4B90, L_011A4FB0, C4<1>, C4<1>;
L_011A6438 .functor OR 1, L_011A4AE0, L_011A68B8, C4<0>, C4<0>;
L_011A65A0 .functor AND 1, L_011A4B90, L_011A5110, C4<1>, C4<1>;
v0118E108_0 .net *"_s0", 0 0, L_011A68B8;  1 drivers
v0118DAD8_0 .net "al", 0 0, L_011A4B90;  1 drivers
v0118DB30_0 .net "aout", 0 0, L_011A65A0;  1 drivers
v0118E2C0_0 .net "ar", 0 0, L_011A5110;  1 drivers
v0118E318_0 .net "gl", 0 0, L_011A4AE0;  1 drivers
v0118DB88_0 .net "gout", 0 0, L_011A6438;  1 drivers
v0118DBE0_0 .net "gr", 0 0, L_011A4FB0;  1 drivers
S_008E2DC0 .scope module, "c14" "circle" 4 38, 5 1 0, S_010ECC88;
 .timescale 0 0;
    .port_info 0 /OUTPUT 1 "gout"
    .port_info 1 /OUTPUT 1 "aout"
    .port_info 2 /INPUT 1 "gl"
    .port_info 3 /INPUT 1 "al"
    .port_info 4 /INPUT 1 "gr"
    .port_info 5 /INPUT 1 "ar"
L_011A6AF8 .functor AND 1, L_011AA068, L_011A9D50, C4<1>, C4<1>;
L_011A6A68 .functor OR 1, L_011A9E58, L_011A6AF8, C4<0>, C4<0>;
L_011A6B40 .functor AND 1, L_011AA068, L_011AA010, C4<1>, C4<1>;
v0118D920_0 .net *"_s0", 0 0, L_011A6AF8;  1 drivers
v0118D978_0 .net "al", 0 0, L_011AA068;  1 drivers
v0118DD98_0 .net "aout", 0 0, L_011A6B40;  1 drivers
v0118DC38_0 .net "ar", 0 0, L_011AA010;  1 drivers
v0118DDF0_0 .net "gl", 0 0, L_011A9E58;  1 drivers
v0118DE48_0 .net "gout", 0 0, L_011A6A68;  1 drivers
v0118E3C8_0 .net "gr", 0 0, L_011A9D50;  1 drivers
S_008E2E90 .scope module, "c15" "circle" 4 39, 5 1 0, S_010ECC88;
 .timescale 0 0;
    .port_info 0 /OUTPUT 1 "gout"
    .port_info 1 /OUTPUT 1 "aout"
    .port_info 2 /INPUT 1 "gl"
    .port_info 3 /INPUT 1 "al"
    .port_info 4 /INPUT 1 "gr"
    .port_info 5 /INPUT 1 "ar"
L_011A62D0 .functor AND 1, L_011A9B98, L_011AA380, C4<1>, C4<1>;
L_011A6318 .functor OR 1, L_011AA2D0, L_011A62D0, C4<0>, C4<0>;
L_011A65E8 .functor AND 1, L_011A9B98, L_011A9F60, C4<1>, C4<1>;
v0118E580_0 .net *"_s0", 0 0, L_011A62D0;  1 drivers
v0118E370_0 .net "al", 0 0, L_011A9B98;  1 drivers
v0118E738_0 .net "aout", 0 0, L_011A65E8;  1 drivers
v0118E790_0 .net "ar", 0 0, L_011A9F60;  1 drivers
v0118E5D8_0 .net "gl", 0 0, L_011AA2D0;  1 drivers
v0118E6E0_0 .net "gout", 0 0, L_011A6318;  1 drivers
v0118E630_0 .net "gr", 0 0, L_011AA380;  1 drivers
S_01159E10 .scope module, "c16" "circle" 4 40, 5 1 0, S_010ECC88;
 .timescale 0 0;
    .port_info 0 /OUTPUT 1 "gout"
    .port_info 1 /OUTPUT 1 "aout"
    .port_info 2 /INPUT 1 "gl"
    .port_info 3 /INPUT 1 "al"
    .port_info 4 /INPUT 1 "gr"
    .port_info 5 /INPUT 1 "ar"
L_011A6630 .functor AND 1, L_011A9C48, L_011AA538, C4<1>, C4<1>;
L_011A66C0 .functor OR 1, L_011AA4E0, L_011A6630, C4<0>, C4<0>;
L_011A6D80 .functor AND 1, L_011A9C48, L_011A9CA0, C4<1>, C4<1>;
v0118E7E8_0 .net *"_s0", 0 0, L_011A6630;  1 drivers
v0118E420_0 .net "al", 0 0, L_011A9C48;  1 drivers
v0118E478_0 .net "aout", 0 0, L_011A6D80;  1 drivers
v0118E4D0_0 .net "ar", 0 0, L_011A9CA0;  1 drivers
v0118E528_0 .net "gl", 0 0, L_011AA4E0;  1 drivers
v0118E688_0 .net "gout", 0 0, L_011A66C0;  1 drivers
v0118EAE0_0 .net "gr", 0 0, L_011AA538;  1 drivers
S_01159EE0 .scope module, "c17" "circle" 4 41, 5 1 0, S_010ECC88;
 .timescale 0 0;
    .port_info 0 /OUTPUT 1 "gout"
    .port_info 1 /OUTPUT 1 "aout"
    .port_info 2 /INPUT 1 "gl"
    .port_info 3 /INPUT 1 "al"
    .port_info 4 /INPUT 1 "gr"
    .port_info 5 /INPUT 1 "ar"
L_011A70E0 .functor AND 1, L_011AA590, L_011A9CF8, C4<1>, C4<1>;
L_011A6C60 .functor OR 1, L_011A9B40, L_011A70E0, C4<0>, C4<0>;
L_011A7248 .functor AND 1, L_011AA590, L_011AA5E8, C4<1>, C4<1>;
v0118EF00_0 .net *"_s0", 0 0, L_011A70E0;  1 drivers
v0118EBE8_0 .net "al", 0 0, L_011AA590;  1 drivers
v0118E928_0 .net "aout", 0 0, L_011A7248;  1 drivers
v0118F060_0 .net "ar", 0 0, L_011AA5E8;  1 drivers
v0118EA30_0 .net "gl", 0 0, L_011A9B40;  1 drivers
v0118EEA8_0 .net "gout", 0 0, L_011A6C60;  1 drivers
v0118F0B8_0 .net "gr", 0 0, L_011A9CF8;  1 drivers
S_0118F850 .scope module, "c18" "circle" 4 42, 5 1 0, S_010ECC88;
 .timescale 0 0;
    .port_info 0 /OUTPUT 1 "gout"
    .port_info 1 /OUTPUT 1 "aout"
    .port_info 2 /INPUT 1 "gl"
    .port_info 3 /INPUT 1 "al"
    .port_info 4 /INPUT 1 "gr"
    .port_info 5 /INPUT 1 "ar"
L_011A6CA8 .functor AND 1, L_011AA430, L_011A9DA8, C4<1>, C4<1>;
L_011A7008 .functor OR 1, L_011AA328, L_011A6CA8, C4<0>, C4<0>;
L_011A6E58 .functor AND 1, L_011AA430, L_011A9EB0, C4<1>, C4<1>;
v0118E9D8_0 .net *"_s0", 0 0, L_011A6CA8;  1 drivers
v0118EB90_0 .net "al", 0 0, L_011AA430;  1 drivers
v0118F270_0 .net "aout", 0 0, L_011A6E58;  1 drivers
v0118EF58_0 .net "ar", 0 0, L_011A9EB0;  1 drivers
v0118EC40_0 .net "gl", 0 0, L_011AA328;  1 drivers
v0118F320_0 .net "gout", 0 0, L_011A7008;  1 drivers
v0118E980_0 .net "gr", 0 0, L_011A9DA8;  1 drivers
S_0118F920 .scope module, "c19" "circle" 4 43, 5 1 0, S_010ECC88;
 .timescale 0 0;
    .port_info 0 /OUTPUT 1 "gout"
    .port_info 1 /OUTPUT 1 "aout"
    .port_info 2 /INPUT 1 "gl"
    .port_info 3 /INPUT 1 "al"
    .port_info 4 /INPUT 1 "gr"
    .port_info 5 /INPUT 1 "ar"
L_011A6BD0 .functor AND 1, L_011A9F08, L_011A9FB8, C4<1>, C4<1>;
L_011A6EA0 .functor OR 1, L_011AA170, L_011A6BD0, C4<0>, C4<0>;
L_011A7128 .functor AND 1, L_011A9F08, L_011AA278, C4<1>, C4<1>;
v0118F2C8_0 .net *"_s0", 0 0, L_011A6BD0;  1 drivers
v0118ED48_0 .net "al", 0 0, L_011A9F08;  1 drivers
v0118EA88_0 .net "aout", 0 0, L_011A7128;  1 drivers
v0118E878_0 .net "ar", 0 0, L_011AA278;  1 drivers
v0118EFB0_0 .net "gl", 0 0, L_011AA170;  1 drivers
v0118F110_0 .net "gout", 0 0, L_011A6EA0;  1 drivers
v0118EB38_0 .net "gr", 0 0, L_011A9FB8;  1 drivers
S_0118F9F0 .scope module, "c2" "circle" 4 16, 5 1 0, S_010ECC88;
 .timescale 0 0;
    .port_info 0 /OUTPUT 1 "gout"
    .port_info 1 /OUTPUT 1 "aout"
    .port_info 2 /INPUT 1 "gl"
    .port_info 3 /INPUT 1 "al"
    .port_info 4 /INPUT 1 "gr"
    .port_info 5 /INPUT 1 "ar"
L_011A5C10 .functor AND 1, L_011A3B68, L_011A3D20, C4<1>, C4<1>;
L_011A5AF0 .functor OR 1, L_011A36F0, L_011A5C10, C4<0>, C4<0>;
L_011A5BC8 .functor AND 1, L_011A3B68, L_011A3380, C4<1>, C4<1>;
v0118E8D0_0 .net *"_s0", 0 0, L_011A5C10;  1 drivers
v0118EC98_0 .net "al", 0 0, L_011A3B68;  1 drivers
v0118F168_0 .net "aout", 0 0, L_011A5BC8;  1 drivers
v0118F008_0 .net "ar", 0 0, L_011A3380;  1 drivers
v0118F1C0_0 .net "gl", 0 0, L_011A36F0;  1 drivers
v0118ECF0_0 .net "gout", 0 0, L_011A5AF0;  1 drivers
v0118EDA0_0 .net "gr", 0 0, L_011A3D20;  1 drivers
S_0118FAC0 .scope module, "c20" "circle" 4 44, 5 1 0, S_010ECC88;
 .timescale 0 0;
    .port_info 0 /OUTPUT 1 "gout"
    .port_info 1 /OUTPUT 1 "aout"
    .port_info 2 /INPUT 1 "gl"
    .port_info 3 /INPUT 1 "al"
    .port_info 4 /INPUT 1 "gr"
    .port_info 5 /INPUT 1 "ar"
L_011A6E10 .functor AND 1, L_011AA118, L_011AA1C8, C4<1>, C4<1>;
L_011A7050 .functor OR 1, L_011AA0C0, L_011A6E10, C4<0>, C4<0>;
L_011A6DC8 .functor AND 1, L_011AA118, L_011AA220, C4<1>, C4<1>;
v0118EDF8_0 .net *"_s0", 0 0, L_011A6E10;  1 drivers
v0118F218_0 .net "al", 0 0, L_011AA118;  1 drivers
v0118EE50_0 .net "aout", 0 0, L_011A6DC8;  1 drivers
v0118F4D8_0 .net "ar", 0 0, L_011AA220;  1 drivers
v0118F798_0 .net "gl", 0 0, L_011AA0C0;  1 drivers
v0118F588_0 .net "gout", 0 0, L_011A7050;  1 drivers
v0118F530_0 .net "gr", 0 0, L_011AA1C8;  1 drivers
S_0118FB90 .scope module, "c21" "circle" 4 45, 5 1 0, S_010ECC88;
 .timescale 0 0;
    .port_info 0 /OUTPUT 1 "gout"
    .port_info 1 /OUTPUT 1 "aout"
    .port_info 2 /INPUT 1 "gl"
    .port_info 3 /INPUT 1 "al"
    .port_info 4 /INPUT 1 "gr"
    .port_info 5 /INPUT 1 "ar"
L_011A6C18 .functor AND 1, L_011AA488, L_011AB0E8, C4<1>, C4<1>;
L_011A6CF0 .functor OR 1, L_011AA3D8, L_011A6C18, C4<0>, C4<0>;
L_011A6FC0 .functor AND 1, L_011AA488, L_011AAAB8, C4<1>, C4<1>;
v0118F428_0 .net *"_s0", 0 0, L_011A6C18;  1 drivers
v0118F6E8_0 .net "al", 0 0, L_011AA488;  1 drivers
v0118F378_0 .net "aout", 0 0, L_011A6FC0;  1 drivers
v0118F5E0_0 .net "ar", 0 0, L_011AAAB8;  1 drivers
v0118F638_0 .net "gl", 0 0, L_011AA3D8;  1 drivers
v0118F480_0 .net "gout", 0 0, L_011A6CF0;  1 drivers
v0118F690_0 .net "gr", 0 0, L_011AB0E8;  1 drivers
S_0118FC88 .scope module, "c3" "circle" 4 17, 5 1 0, S_010ECC88;
 .timescale 0 0;
    .port_info 0 /OUTPUT 1 "gout"
    .port_info 1 /OUTPUT 1 "aout"
    .port_info 2 /INPUT 1 "gl"
    .port_info 3 /INPUT 1 "al"
    .port_info 4 /INPUT 1 "gr"
    .port_info 5 /INPUT 1 "ar"
L_011A5940 .functor AND 1, L_011A41F0, L_011A4090, C4<1>, C4<1>;
L_011A58F8 .functor OR 1, L_011A4928, L_011A5940, C4<0>, C4<0>;
L_011A5628 .functor AND 1, L_011A41F0, L_011A4610, C4<1>, C4<1>;
v0118F7F0_0 .net *"_s0", 0 0, L_011A5940;  1 drivers
v0118F740_0 .net "al", 0 0, L_011A41F0;  1 drivers
v0118F3D0_0 .net "aout", 0 0, L_011A5628;  1 drivers
v01190CF0_0 .net "ar", 0 0, L_011A4610;  1 drivers
v01191588_0 .net "gl", 0 0, L_011A4928;  1 drivers
v01191740_0 .net "gout", 0 0, L_011A58F8;  1 drivers
v01191168_0 .net "gr", 0 0, L_011A4090;  1 drivers
S_01190578 .scope module, "c4" "circle" 4 18, 5 1 0, S_010ECC88;
 .timescale 0 0;
    .port_info 0 /OUTPUT 1 "gout"
    .port_info 1 /OUTPUT 1 "aout"
    .port_info 2 /INPUT 1 "gl"
    .port_info 3 /INPUT 1 "al"
    .port_info 4 /INPUT 1 "gr"
    .port_info 5 /INPUT 1 "ar"
L_011A5CA0 .functor AND 1, L_011A44B0, L_011A4038, C4<1>, C4<1>;
L_011A56B8 .functor OR 1, L_011A3FE0, L_011A5CA0, C4<0>, C4<0>;
L_011A5AA8 .functor AND 1, L_011A44B0, L_011A40E8, C4<1>, C4<1>;
v01191270_0 .net *"_s0", 0 0, L_011A5CA0;  1 drivers
v01191060_0 .net "al", 0 0, L_011A44B0;  1 drivers
v01191008_0 .net "aout", 0 0, L_011A5AA8;  1 drivers
v011916E8_0 .net "ar", 0 0, L_011A40E8;  1 drivers
v011910B8_0 .net "gl", 0 0, L_011A3FE0;  1 drivers
v01191218_0 .net "gout", 0 0, L_011A56B8;  1 drivers
v01191530_0 .net "gr", 0 0, L_011A4038;  1 drivers
S_0118FE28 .scope module, "c5" "circle" 4 19, 5 1 0, S_010ECC88;
 .timescale 0 0;
    .port_info 0 /OUTPUT 1 "gout"
    .port_info 1 /OUTPUT 1 "aout"
    .port_info 2 /INPUT 1 "gl"
    .port_info 3 /INPUT 1 "al"
    .port_info 4 /INPUT 1 "gr"
    .port_info 5 /INPUT 1 "ar"
L_011A5C58 .functor AND 1, L_011A4878, L_011A4198, C4<1>, C4<1>;
L_011A5550 .functor OR 1, L_011A4140, L_011A5C58, C4<0>, C4<0>;
L_011A5670 .functor AND 1, L_011A4878, L_011A46C0, C4<1>, C4<1>;
v01190E50_0 .net *"_s0", 0 0, L_011A5C58;  1 drivers
v01191110_0 .net "al", 0 0, L_011A4878;  1 drivers
v01190C98_0 .net "aout", 0 0, L_011A5670;  1 drivers
v01191638_0 .net "ar", 0 0, L_011A46C0;  1 drivers
v01190DF8_0 .net "gl", 0 0, L_011A4140;  1 drivers
v011911C0_0 .net "gout", 0 0, L_011A5550;  1 drivers
v01191320_0 .net "gr", 0 0, L_011A4198;  1 drivers
S_0118FFC8 .scope module, "c6" "circle" 4 20, 5 1 0, S_010ECC88;
 .timescale 0 0;
    .port_info 0 /OUTPUT 1 "gout"
    .port_info 1 /OUTPUT 1 "aout"
    .port_info 2 /INPUT 1 "gl"
    .port_info 3 /INPUT 1 "al"
    .port_info 4 /INPUT 1 "gr"
    .port_info 5 /INPUT 1 "ar"
L_011A5988 .functor AND 1, L_011A45B8, L_011A4350, C4<1>, C4<1>;
L_011A5A18 .functor OR 1, L_011A4248, L_011A5988, C4<0>, C4<0>;
L_011A5700 .functor AND 1, L_011A45B8, L_011A43A8, C4<1>, C4<1>;
v01190EA8_0 .net *"_s0", 0 0, L_011A5988;  1 drivers
v011914D8_0 .net "al", 0 0, L_011A45B8;  1 drivers
v011915E0_0 .net "aout", 0 0, L_011A5700;  1 drivers
v01191690_0 .net "ar", 0 0, L_011A43A8;  1 drivers
v01190F00_0 .net "gl", 0 0, L_011A4248;  1 drivers
v01190D48_0 .net "gout", 0 0, L_011A5A18;  1 drivers
v01190DA0_0 .net "gr", 0 0, L_011A4350;  1 drivers
S_01190718 .scope module, "c7" "circle" 4 21, 5 1 0, S_010ECC88;
 .timescale 0 0;
    .port_info 0 /OUTPUT 1 "gout"
    .port_info 1 /OUTPUT 1 "aout"
    .port_info 2 /INPUT 1 "gl"
    .port_info 3 /INPUT 1 "al"
    .port_info 4 /INPUT 1 "gr"
    .port_info 5 /INPUT 1 "ar"
L_011A5748 .functor AND 1, L_011A3E80, L_011A4400, C4<1>, C4<1>;
L_011A5790 .functor OR 1, L_011A4508, L_011A5748, C4<0>, C4<0>;
L_011A5820 .functor AND 1, L_011A3E80, L_011A42A0, C4<1>, C4<1>;
v01190F58_0 .net *"_s0", 0 0, L_011A5748;  1 drivers
v01190FB0_0 .net "al", 0 0, L_011A3E80;  1 drivers
v011912C8_0 .net "aout", 0 0, L_011A5820;  1 drivers
v01191378_0 .net "ar", 0 0, L_011A42A0;  1 drivers
v011913D0_0 .net "gl", 0 0, L_011A4508;  1 drivers
v01191428_0 .net "gout", 0 0, L_011A5790;  1 drivers
v01191480_0 .net "gr", 0 0, L_011A4400;  1 drivers
S_01190B28 .scope module, "c8" "circle" 4 26, 5 1 0, S_010ECC88;
 .timescale 0 0;
    .port_info 0 /OUTPUT 1 "gout"
    .port_info 1 /OUTPUT 1 "aout"
    .port_info 2 /INPUT 1 "gl"
    .port_info 3 /INPUT 1 "al"
    .port_info 4 /INPUT 1 "gr"
    .port_info 5 /INPUT 1 "ar"
L_011A59D0 .functor AND 1, L_011A3F88, L_011A4718, C4<1>, C4<1>;
L_011A5A60 .functor OR 1, L_011A4668, L_011A59D0, C4<0>, C4<0>;
L_011A6828 .functor AND 1, L_011A3F88, L_011A4770, C4<1>, C4<1>;
v01191B08_0 .net *"_s0", 0 0, L_011A59D0;  1 drivers
v011918F8_0 .net "al", 0 0, L_011A3F88;  1 drivers
v011919A8_0 .net "aout", 0 0, L_011A6828;  1 drivers
v01191950_0 .net "ar", 0 0, L_011A4770;  1 drivers
v011917F0_0 .net "gl", 0 0, L_011A4668;  1 drivers
v01191A00_0 .net "gout", 0 0, L_011A5A60;  1 drivers
v01191A58_0 .net "gr", 0 0, L_011A4718;  1 drivers
S_01190648 .scope module, "c9" "circle" 4 27, 5 1 0, S_010ECC88;
 .timescale 0 0;
    .port_info 0 /OUTPUT 1 "gout"
    .port_info 1 /OUTPUT 1 "aout"
    .port_info 2 /INPUT 1 "gl"
    .port_info 3 /INPUT 1 "al"
    .port_info 4 /INPUT 1 "gr"
    .port_info 5 /INPUT 1 "ar"
L_011A6B88 .functor AND 1, L_011A4820, L_011A4980, C4<1>, C4<1>;
L_011A6360 .functor OR 1, L_011A47C8, L_011A6B88, C4<0>, C4<0>;
L_011A6A20 .functor AND 1, L_011A4820, L_011A5218, C4<1>, C4<1>;
v01191798_0 .net *"_s0", 0 0, L_011A6B88;  1 drivers
v01191848_0 .net "al", 0 0, L_011A4820;  1 drivers
v011918A0_0 .net "aout", 0 0, L_011A6A20;  1 drivers
v01191AB0_0 .net "ar", 0 0, L_011A5218;  1 drivers
v01191B60_0 .net "gl", 0 0, L_011A47C8;  1 drivers
v01191BB8_0 .net "gout", 0 0, L_011A6360;  1 drivers
v01191C10_0 .net "gr", 0 0, L_011A4980;  1 drivers
S_01190308 .scope module, "d1" "dot" 4 14, 6 1 0, S_010ECC88;
 .timescale 0 0;
    .port_info 0 /OUTPUT 1 "gout"
    .port_info 1 /INPUT 1 "gl"
    .port_info 2 /INPUT 1 "al"
    .port_info 3 /INPUT 1 "gr"
L_011A54E0 .functor AND 1, L_011A3538, v011A34E0_0, C4<1>, C4<1>;
L_011A55E0 .functor OR 1, L_011A3488, L_011A54E0, C4<0>, C4<0>;
v01192118_0 .net *"_s0", 0 0, L_011A54E0;  1 drivers
v01192430_0 .net "al", 0 0, L_011A3538;  1 drivers
v01191E58_0 .net "gl", 0 0, L_011A3488;  1 drivers
v01191EB0_0 .net "gout", 0 0, L_011A55E0;  1 drivers
v01192488_0 .net "gr", 0 0, v011A34E0_0;  alias, 1 drivers
S_01190168 .scope module, "d10" "dot" 4 50, 6 1 0, S_010ECC88;
 .timescale 0 0;
    .port_info 0 /OUTPUT 1 "gout"
    .port_info 1 /INPUT 1 "gl"
    .port_info 2 /INPUT 1 "al"
    .port_info 3 /INPUT 1 "gr"
L_011A7200 .functor AND 1, L_011AA6F0, L_011AA900, C4<1>, C4<1>;
L_011A7098 .functor OR 1, L_011AB038, L_011A7200, C4<0>, C4<0>;
v011921C8_0 .net *"_s0", 0 0, L_011A7200;  1 drivers
v011920C0_0 .net "al", 0 0, L_011AA6F0;  1 drivers
v01192590_0 .net "gl", 0 0, L_011AB038;  1 drivers
v01191F08_0 .net "gout", 0 0, L_011A7098;  1 drivers
v01192538_0 .net "gr", 0 0, L_011AA900;  1 drivers
S_011904A8 .scope module, "d11" "dot" 4 51, 6 1 0, S_010ECC88;
 .timescale 0 0;
    .port_info 0 /OUTPUT 1 "gout"
    .port_info 1 /INPUT 1 "gl"
    .port_info 2 /INPUT 1 "al"
    .port_info 3 /INPUT 1 "gr"
L_011A7170 .functor AND 1, L_011AA958, L_011AA9B0, C4<1>, C4<1>;
L_011A71B8 .functor OR 1, L_011AACC8, L_011A7170, C4<0>, C4<0>;
v01192220_0 .net *"_s0", 0 0, L_011A7170;  1 drivers
v01192278_0 .net "al", 0 0, L_011AA958;  1 drivers
v01192010_0 .net "gl", 0 0, L_011AACC8;  1 drivers
v011925E8_0 .net "gout", 0 0, L_011A71B8;  1 drivers
v011922D0_0 .net "gr", 0 0, L_011AA9B0;  1 drivers
S_011907E8 .scope module, "d12" "dot" 4 52, 6 1 0, S_010ECC88;
 .timescale 0 0;
    .port_info 0 /OUTPUT 1 "gout"
    .port_info 1 /INPUT 1 "gl"
    .port_info 2 /INPUT 1 "al"
    .port_info 3 /INPUT 1 "gr"
L_011ADB18 .functor AND 1, L_011AA640, L_011AA748, C4<1>, C4<1>;
L_011AD848 .functor OR 1, L_011AB090, L_011ADB18, C4<0>, C4<0>;
v01191FB8_0 .net *"_s0", 0 0, L_011ADB18;  1 drivers
v01192380_0 .net "al", 0 0, L_011AA640;  1 drivers
v011924E0_0 .net "gl", 0 0, L_011AB090;  1 drivers
v01192640_0 .net "gout", 0 0, L_011AD848;  1 drivers
v011926F0_0 .net "gr", 0 0, L_011AA748;  1 drivers
S_01190A58 .scope module, "d13" "dot" 4 53, 6 1 0, S_010ECC88;
 .timescale 0 0;
    .port_info 0 /OUTPUT 1 "gout"
    .port_info 1 /INPUT 1 "gl"
    .port_info 2 /INPUT 1 "al"
    .port_info 3 /INPUT 1 "gr"
L_011ADBF0 .functor AND 1, L_011AAF30, L_011AAED8, C4<1>, C4<1>;
L_011ADAD0 .functor OR 1, L_011AA698, L_011ADBF0, C4<0>, C4<0>;
v01192170_0 .net *"_s0", 0 0, L_011ADBF0;  1 drivers
v01191D50_0 .net "al", 0 0, L_011AAF30;  1 drivers
v01191F60_0 .net "gl", 0 0, L_011AA698;  1 drivers
v01192328_0 .net "gout", 0 0, L_011ADAD0;  1 drivers
v011923D8_0 .net "gr", 0 0, L_011AAED8;  1 drivers
S_0118FEF8 .scope module, "d14" "dot" 4 54, 6 1 0, S_010ECC88;
 .timescale 0 0;
    .port_info 0 /OUTPUT 1 "gout"
    .port_info 1 /INPUT 1 "gl"
    .port_info 2 /INPUT 1 "al"
    .port_info 3 /INPUT 1 "gr"
L_011ADD10 .functor AND 1, L_011AA7F8, L_011AA8A8, C4<1>, C4<1>;
L_011ADA88 .functor OR 1, L_011AA7A0, L_011ADD10, C4<0>, C4<0>;
v01192068_0 .net *"_s0", 0 0, L_011ADD10;  1 drivers
v01192698_0 .net "al", 0 0, L_011AA7F8;  1 drivers
v01192748_0 .net "gl", 0 0, L_011AA7A0;  1 drivers
v01191CA0_0 .net "gout", 0 0, L_011ADA88;  1 drivers
v01191CF8_0 .net "gr", 0 0, L_011AA8A8;  1 drivers
S_0118FD58 .scope module, "d15" "dot" 4 55, 6 1 0, S_010ECC88;
 .timescale 0 0;
    .port_info 0 /OUTPUT 1 "gout"
    .port_info 1 /INPUT 1 "gl"
    .port_info 2 /INPUT 1 "al"
    .port_info 3 /INPUT 1 "gr"
L_011ADB60 .functor AND 1, L_011AADD0, L_011AAE28, C4<1>, C4<1>;
L_011AE0B8 .functor OR 1, L_011AABC0, L_011ADB60, C4<0>, C4<0>;
v01191DA8_0 .net *"_s0", 0 0, L_011ADB60;  1 drivers
v01191E00_0 .net "al", 0 0, L_011AADD0;  1 drivers
v01192BC0_0 .net "gl", 0 0, L_011AABC0;  1 drivers
v01192900_0 .net "gout", 0 0, L_011AE0B8;  1 drivers
v011929B0_0 .net "gr", 0 0, L_011AAE28;  1 drivers
S_011903D8 .scope module, "d16" "dot" 4 57, 6 1 0, S_010ECC88;
 .timescale 0 0;
    .port_info 0 /OUTPUT 1 "gout"
    .port_info 1 /INPUT 1 "gl"
    .port_info 2 /INPUT 1 "al"
    .port_info 3 /INPUT 1 "gr"
L_011ADE78 .functor AND 1, L_011AAA08, L_011AAA60, C4<1>, C4<1>;
L_011ADBA8 .functor OR 1, L_011AA850, L_011ADE78, C4<0>, C4<0>;
v011928A8_0 .net *"_s0", 0 0, L_011ADE78;  1 drivers
v01192A08_0 .net "al", 0 0, L_011AAA08;  1 drivers
v01192C18_0 .net "gl", 0 0, L_011AA850;  1 drivers
v01192A60_0 .net "gout", 0 0, L_011ADBA8;  alias, 1 drivers
v011927A0_0 .net "gr", 0 0, L_011AAA60;  1 drivers
S_011908B8 .scope module, "d2" "dot" 4 24, 6 1 0, S_010ECC88;
 .timescale 0 0;
    .port_info 0 /OUTPUT 1 "gout"
    .port_info 1 /INPUT 1 "gl"
    .port_info 2 /INPUT 1 "al"
    .port_info 3 /INPUT 1 "gr"
L_011A58B0 .functor AND 1, L_011A3ED8, L_011A4458, C4<1>, C4<1>;
L_011A5B38 .functor OR 1, L_011A42F8, L_011A58B0, C4<0>, C4<0>;
v011927F8_0 .net *"_s0", 0 0, L_011A58B0;  1 drivers
v01192850_0 .net "al", 0 0, L_011A3ED8;  1 drivers
v01192AB8_0 .net "gl", 0 0, L_011A42F8;  1 drivers
v01192958_0 .net "gout", 0 0, L_011A5B38;  1 drivers
v01192B10_0 .net "gr", 0 0, L_011A4458;  1 drivers
S_01190098 .scope module, "d3" "dot" 4 25, 6 1 0, S_010ECC88;
 .timescale 0 0;
    .port_info 0 /OUTPUT 1 "gout"
    .port_info 1 /INPUT 1 "gl"
    .port_info 2 /INPUT 1 "al"
    .port_info 3 /INPUT 1 "gr"
L_011A5B80 .functor AND 1, L_011A4560, L_011A48D0, C4<1>, C4<1>;
L_011A57D8 .functor OR 1, L_011A3F30, L_011A5B80, C4<0>, C4<0>;
v01192B68_0 .net *"_s0", 0 0, L_011A5B80;  1 drivers
v01193CD0_0 .net "al", 0 0, L_011A4560;  1 drivers
v01193B70_0 .net "gl", 0 0, L_011A3F30;  1 drivers
v011939B8_0 .net "gout", 0 0, L_011A57D8;  1 drivers
v01193D28_0 .net "gr", 0 0, L_011A48D0;  1 drivers
S_01190988 .scope module, "d4" "dot" 4 34, 6 1 0, S_010ECC88;
 .timescale 0 0;
    .port_info 0 /OUTPUT 1 "gout"
    .port_info 1 /INPUT 1 "gl"
    .port_info 2 /INPUT 1 "al"
    .port_info 3 /INPUT 1 "gr"
L_011A6480 .functor AND 1, L_011A5168, L_011A4BE8, C4<1>, C4<1>;
L_011A6510 .functor OR 1, L_011A4F00, L_011A6480, C4<0>, C4<0>;
v01193A10_0 .net *"_s0", 0 0, L_011A6480;  1 drivers
v01193A68_0 .net "al", 0 0, L_011A5168;  1 drivers
v011941A0_0 .net "gl", 0 0, L_011A4F00;  1 drivers
v01193C20_0 .net "gout", 0 0, L_011A6510;  1 drivers
v01193AC0_0 .net "gr", 0 0, L_011A4BE8;  1 drivers
S_01190238 .scope module, "d5" "dot" 4 35, 6 1 0, S_010ECC88;
 .timescale 0 0;
    .port_info 0 /OUTPUT 1 "gout"
    .port_info 1 /INPUT 1 "gl"
    .port_info 2 /INPUT 1 "al"
    .port_info 3 /INPUT 1 "gr"
L_011A6678 .functor AND 1, L_011A52C8, L_011A51C0, C4<1>, C4<1>;
L_011A6948 .functor OR 1, L_011A5060, L_011A6678, C4<0>, C4<0>;
v01193F90_0 .net *"_s0", 0 0, L_011A6678;  1 drivers
v01193D80_0 .net "al", 0 0, L_011A52C8;  1 drivers
v01193FE8_0 .net "gl", 0 0, L_011A5060;  1 drivers
v01193B18_0 .net "gout", 0 0, L_011A6948;  1 drivers
v01193DD8_0 .net "gr", 0 0, L_011A51C0;  1 drivers
S_01195E90 .scope module, "d6" "dot" 4 36, 6 1 0, S_010ECC88;
 .timescale 0 0;
    .port_info 0 /OUTPUT 1 "gout"
    .port_info 1 /INPUT 1 "gl"
    .port_info 2 /INPUT 1 "al"
    .port_info 3 /INPUT 1 "gr"
L_011A6990 .functor AND 1, L_011A4CF0, L_011A5270, C4<1>, C4<1>;
L_011A64C8 .functor OR 1, L_011A4C98, L_011A6990, C4<0>, C4<0>;
v01193800_0 .net *"_s0", 0 0, L_011A6990;  1 drivers
v01194040_0 .net "al", 0 0, L_011A4CF0;  1 drivers
v011938B0_0 .net "gl", 0 0, L_011A4C98;  1 drivers
v01193E30_0 .net "gout", 0 0, L_011A64C8;  1 drivers
v01194098_0 .net "gr", 0 0, L_011A5270;  1 drivers
S_01197210 .scope module, "d7" "dot" 4 37, 6 1 0, S_010ECC88;
 .timescale 0 0;
    .port_info 0 /OUTPUT 1 "gout"
    .port_info 1 /INPUT 1 "gl"
    .port_info 2 /INPUT 1 "al"
    .port_info 3 /INPUT 1 "gr"
L_011A69D8 .functor AND 1, L_011A9BF0, L_011A9E00, C4<1>, C4<1>;
L_011A6558 .functor OR 1, L_011A4DF8, L_011A69D8, C4<0>, C4<0>;
v01193908_0 .net *"_s0", 0 0, L_011A69D8;  1 drivers
v01193BC8_0 .net "al", 0 0, L_011A9BF0;  1 drivers
v011940F0_0 .net "gl", 0 0, L_011A4DF8;  1 drivers
v01193858_0 .net "gout", 0 0, L_011A6558;  1 drivers
v01193C78_0 .net "gr", 0 0, L_011A9E00;  1 drivers
S_01197620 .scope module, "d8" "dot" 4 48, 6 1 0, S_010ECC88;
 .timescale 0 0;
    .port_info 0 /OUTPUT 1 "gout"
    .port_info 1 /INPUT 1 "gl"
    .port_info 2 /INPUT 1 "al"
    .port_info 3 /INPUT 1 "gr"
L_011A6EE8 .functor AND 1, L_011AAC70, L_011AAB68, C4<1>, C4<1>;
L_011A6D38 .functor OR 1, L_011AAD78, L_011A6EE8, C4<0>, C4<0>;
v01194148_0 .net *"_s0", 0 0, L_011A6EE8;  1 drivers
v011941F8_0 .net "al", 0 0, L_011AAC70;  1 drivers
v01194250_0 .net "gl", 0 0, L_011AAD78;  1 drivers
v01193E88_0 .net "gout", 0 0, L_011A6D38;  1 drivers
v01193960_0 .net "gr", 0 0, L_011AAB68;  1 drivers
S_01196850 .scope module, "d9" "dot" 4 49, 6 1 0, S_010ECC88;
 .timescale 0 0;
    .port_info 0 /OUTPUT 1 "gout"
    .port_info 1 /INPUT 1 "gl"
    .port_info 2 /INPUT 1 "al"
    .port_info 3 /INPUT 1 "gr"
L_011A6F30 .functor AND 1, L_011AAB10, L_011AAC18, C4<1>, C4<1>;
L_011A6F78 .functor OR 1, L_011AAFE0, L_011A6F30, C4<0>, C4<0>;
v01193F38_0 .net *"_s0", 0 0, L_011A6F30;  1 drivers
v01193EE0_0 .net "al", 0 0, L_011AAB10;  1 drivers
v011937A8_0 .net "gl", 0 0, L_011AAFE0;  1 drivers
v01194930_0 .net "gout", 0 0, L_011A6F78;  1 drivers
v01194A38_0 .net "gr", 0 0, L_011AAC18;  1 drivers
S_011976F0 .scope module, "p2" "prefix16" 3 9, 4 1 0, S_010EFB48;
 .timescale 0 0;
    .port_info 0 /OUTPUT 16 "s"
    .port_info 1 /OUTPUT 1 "cout"
    .port_info 2 /INPUT 16 "x"
    .port_info 3 /INPUT 16 "y"
    .port_info 4 /INPUT 1 "c"
L_011ADF08 .functor XOR 16, L_011B73E8, L_011B7C28, C4<0000000000000000>, C4<0000000000000000>;
L_011ADD58 .functor AND 16, L_011B73E8, L_011B7C28, C4<1111111111111111>, C4<1111111111111111>;
L_011AE070 .functor OR 16, L_011ADD58, L_011ADF08, C4<0000000000000000>, C4<0000000000000000>;
L_011ADDA0 .functor BUFZ 1, L_011ADBA8, C4<0>, C4<0>, C4<0>;
L_011B29D0 .functor XOR 16, L_011B78B8, L_011ADF08, C4<0000000000000000>, C4<0000000000000000>;
L_011BBD68 .functor BUFT 1, C4<z>, C4<0>, C4<0>, C4<0>;
v0119FF40_0 .net *"_s391", 0 0, L_011BBD68;  1 drivers
o0116079C .functor BUFZ 21, C4<zzzzzzzzzzzzzzzzzzzzz>; HiZ drive
; Elide local net with no drivers, v011A0150_0 name=_s393
v011A3BC0_0 .net *"_s9", 0 0, L_011ADDA0;  1 drivers
v011A3698_0 .net "a", 15 0, L_011AE070;  1 drivers
v011A3E28_0 .net "c", 0 0, L_011ADBA8;  alias, 1 drivers
v011A37F8_0 .net "cout", 0 0, L_011B2CE8;  alias, 1 drivers
v011A3430_0 .net "g", 15 0, L_011ADD58;  1 drivers
v011A3958_0 .net "p", 15 0, L_011ADF08;  1 drivers
v011A3D78_0 .net "s", 15 0, L_011B29D0;  1 drivers
v011A3C70_0 .net "w1", 15 0, L_011B78B8;  1 drivers
v011A3AB8_0 .net "w2", 63 0, L_011B7650;  1 drivers
v011A38A8_0 .net "x", 15 0, L_011B73E8;  1 drivers
v011A3B10_0 .net "y", 15 0, L_011B7C28;  1 drivers
L_011AB718 .part L_011ADD58, 0, 1;
L_011AB2F8 .part L_011AE070, 0, 1;
L_011AB458 .part L_011ADD58, 2, 1;
L_011ABBE8 .part L_011AE070, 2, 1;
L_011AB5B8 .part L_011ADD58, 1, 1;
L_011AB878 .part L_011AE070, 1, 1;
L_011AB350 .part L_011ADD58, 4, 1;
L_011AB9D8 .part L_011AE070, 4, 1;
L_011AB7C8 .part L_011ADD58, 3, 1;
L_011AB610 .part L_011AE070, 3, 1;
L_011AB2A0 .part L_011ADD58, 6, 1;
L_011ABA88 .part L_011AE070, 6, 1;
L_011AB928 .part L_011ADD58, 5, 1;
L_011AB980 .part L_011AE070, 5, 1;
L_011ABAE0 .part L_011ADD58, 8, 1;
L_011AB668 .part L_011AE070, 8, 1;
L_011ABA30 .part L_011ADD58, 7, 1;
L_011AB508 .part L_011AE070, 7, 1;
L_011AB1F0 .part L_011ADD58, 10, 1;
L_011AB8D0 .part L_011AE070, 10, 1;
L_011AB6C0 .part L_011ADD58, 9, 1;
L_011ABB38 .part L_011AE070, 9, 1;
L_011ABB90 .part L_011ADD58, 12, 1;
L_011AB770 .part L_011AE070, 12, 1;
L_011AB140 .part L_011ADD58, 11, 1;
L_011AB198 .part L_011AE070, 11, 1;
L_011AB820 .part L_011ADD58, 14, 1;
L_011AB248 .part L_011AE070, 14, 1;
L_011AB3A8 .part L_011ADD58, 13, 1;
L_011AB400 .part L_011AE070, 13, 1;
L_011AB4B0 .part L_011ADD58, 1, 1;
L_011AB560 .part L_011AE070, 1, 1;
L_011AC218 .part L_011B78B8, 1, 1;
L_011AC428 .part L_011B7650, 1, 1;
L_011AC168 .part L_011B7650, 2, 1;
L_011ABD48 .part L_011B78B8, 1, 1;
L_011AC110 .part L_011ADD58, 5, 1;
L_011ABDA0 .part L_011AE070, 5, 1;
L_011ABDF8 .part L_011B7650, 3, 1;
L_011ABF00 .part L_011B7650, 4, 1;
L_011AC0B8 .part L_011B7650, 5, 1;
L_011ABFB0 .part L_011B7650, 6, 1;
L_011AC3D0 .part L_011B7650, 3, 1;
L_011ABE50 .part L_011B7650, 4, 1;
L_011AC480 .part L_011ADD58, 9, 1;
L_011ABC40 .part L_011AE070, 9, 1;
L_011AC008 .part L_011B7650, 7, 1;
L_011AC1C0 .part L_011B7650, 8, 1;
L_011ABC98 .part L_011B7650, 9, 1;
L_011AC270 .part L_011B7650, 10, 1;
L_011ABF58 .part L_011B7650, 7, 1;
L_011ABCF0 .part L_011B7650, 8, 1;
L_011ABEA8 .part L_011ADD58, 13, 1;
L_011AC060 .part L_011AE070, 13, 1;
L_011AC2C8 .part L_011B7650, 11, 1;
L_011AC320 .part L_011B7650, 12, 1;
L_011AC378 .part L_011B7650, 13, 1;
L_011A8DD8 .part L_011B7650, 14, 1;
L_011A8FE8 .part L_011B7650, 11, 1;
L_011A8A10 .part L_011B7650, 12, 1;
L_011A8F38 .part L_011ADD58, 3, 1;
L_011A8598 .part L_011AE070, 3, 1;
L_011A8D80 .part L_011B78B8, 3, 1;
L_011A8F90 .part L_011B7650, 3, 1;
L_011A8540 .part L_011B7650, 4, 1;
L_011A8C78 .part L_011B78B8, 3, 1;
L_011A8960 .part L_011B7650, 15, 1;
L_011A85F0 .part L_011B7650, 16, 1;
L_011A8A68 .part L_011B78B8, 3, 1;
L_011A8648 .part L_011B7650, 17, 1;
L_011A86F8 .part L_011B7650, 18, 1;
L_011A8908 .part L_011B78B8, 3, 1;
L_011A8EE0 .part L_011ADD58, 7, 1;
L_011A86A0 .part L_011AE070, 7, 1;
L_011A8750 .part L_011B7650, 17, 1;
L_011A8C20 .part L_011B7650, 18, 1;
L_011A8E88 .part L_011B7650, 7, 1;
L_011A89B8 .part L_011B7650, 8, 1;
L_011A8AC0 .part L_011B7650, 17, 1;
L_011A87A8 .part L_011B7650, 18, 1;
L_011A8800 .part L_011B7650, 19, 1;
L_011A8CD0 .part L_011B7650, 20, 1;
L_011A8858 .part L_011B7650, 17, 1;
L_011A8D28 .part L_011B7650, 18, 1;
L_011A8B18 .part L_011B7650, 21, 1;
L_011A8E30 .part L_011B7650, 22, 1;
L_011A88B0 .part L_011B7650, 17, 1;
L_011A8B70 .part L_011B7650, 18, 1;
L_011A8BC8 .part L_011ADD58, 11, 1;
L_011A9880 .part L_011AE070, 11, 1;
L_011A9300 .part L_011B7650, 21, 1;
L_011A9A38 .part L_011B7650, 22, 1;
L_011A96C8 .part L_011B7650, 11, 1;
L_011A9670 .part L_011B7650, 12, 1;
L_011A91F8 .part L_011B7650, 21, 1;
L_011A9A90 .part L_011B7650, 22, 1;
L_011A9098 .part L_011B7650, 23, 1;
L_011A98D8 .part L_011B7650, 24, 1;
L_011A9460 .part L_011B7650, 21, 1;
L_011A90F0 .part L_011B7650, 22, 1;
L_011A9148 .part L_011B7650, 25, 1;
L_011A92A8 .part L_011B7650, 26, 1;
L_011A91A0 .part L_011B7650, 21, 1;
L_011A9930 .part L_011B7650, 22, 1;
L_011A95C0 .part L_011B7650, 27, 1;
L_011A9250 .part L_011B7650, 28, 1;
L_011A9618 .part L_011B78B8, 7, 1;
L_011A9720 .part L_011B7650, 29, 1;
L_011A94B8 .part L_011B7650, 30, 1;
L_011A9AE8 .part L_011B78B8, 7, 1;
L_011A9828 .part L_011B7650, 31, 1;
L_011A93B0 .part L_011B7650, 32, 1;
L_011A9358 .part L_011B78B8, 7, 1;
L_011A9408 .part L_011B7650, 33, 1;
L_011A9510 .part L_011B7650, 34, 1;
L_011A9778 .part L_011B78B8, 7, 1;
L_011A9568 .part L_011B7650, 35, 1;
L_011A97D0 .part L_011B7650, 36, 1;
L_011A9988 .part L_011B78B8, 7, 1;
L_011A99E0 .part L_011B7650, 37, 1;
L_011A9040 .part L_011B7650, 38, 1;
L_011B7D88 .part L_011B78B8, 7, 1;
L_011B7808 .part L_011B7650, 39, 1;
L_011B7440 .part L_011B7650, 40, 1;
L_011B7390 .part L_011B78B8, 7, 1;
LS_011B78B8_0_0 .concat8 [ 1 1 1 1], L_011ADDA0, L_011ADA40, L_011AE340, L_011AE148;
LS_011B78B8_0_4 .concat8 [ 1 1 1 1], L_011B20D0, L_011B2670, L_011B26B8, L_011B21F0;
LS_011B78B8_0_8 .concat8 [ 1 1 1 1], L_011B2E08, L_011B2B38, L_011B2F70, L_011B2FB8;
LS_011B78B8_0_12 .concat8 [ 1 1 1 1], L_011B3000, L_011B2D78, L_011B2C10, L_011B2CA0;
L_011B78B8 .concat8 [ 4 4 4 4], LS_011B78B8_0_0, LS_011B78B8_0_4, LS_011B78B8_0_8, LS_011B78B8_0_12;
L_011B7968 .part L_011B7650, 41, 1;
L_011B75F8 .part L_011B7650, 42, 1;
L_011B7860 .part L_011B78B8, 7, 1;
L_011B7BD0 .part L_011ADD58, 15, 1;
L_011B74F0 .part L_011AE070, 15, 1;
L_011B7498 .part L_011B78B8, 15, 1;
LS_011B7650_0_0 .concat [ 1 1 1 1], L_011BBD68, L_011AD9B0, L_011ADC38, L_011ADC80;
LS_011B7650_0_4 .concat [ 1 1 1 1], L_011ADCC8, L_011ADE30, L_011ADF50, L_011ADFE0;
LS_011B7650_0_8 .concat [ 1 1 1 1], L_011AD890, L_011AD920, L_011AD9F8, L_011AE730;
LS_011B7650_0_12 .concat [ 1 1 1 1], L_011AE778, L_011AE580, L_011AE3D0, L_011AE460;
LS_011B7650_0_16 .concat [ 1 1 1 1], L_011AE5C8, L_011AE418, L_011AE190, L_011AE1D8;
LS_011B7650_0_20 .concat [ 1 1 1 1], L_011AE4A8, L_011AE4F0, L_011AE538, L_011AE6E8;
LS_011B7650_0_24 .concat [ 1 1 1 1], L_011B22C8, L_011B23A0, L_011B2748, L_011B2868;
LS_011B7650_0_28 .concat [ 1 1 1 1], L_011B28B0, L_011B2280, L_011B2550, L_011B2430;
LS_011B7650_0_32 .concat [ 1 1 1 1], L_011B2310, L_011B2790, L_011B27D8, L_011B2118;
LS_011B7650_0_36 .concat [ 1 1 1 1], L_011B2160, L_011B2598, L_011B25E0, L_011B2820;
LS_011B7650_0_40 .concat [ 1 1 1 21], L_011B2F28, L_011B2A60, L_011B2DC0, o0116079C;
LS_011B7650_1_0 .concat [ 4 4 4 4], LS_011B7650_0_0, LS_011B7650_0_4, LS_011B7650_0_8, LS_011B7650_0_12;
LS_011B7650_1_4 .concat [ 4 4 4 4], LS_011B7650_0_16, LS_011B7650_0_20, LS_011B7650_0_24, LS_011B7650_0_28;
LS_011B7650_1_8 .concat [ 4 4 24 0], LS_011B7650_0_32, LS_011B7650_0_36, LS_011B7650_0_40;
L_011B7650 .concat [ 16 16 32 0], LS_011B7650_1_0, LS_011B7650_1_4, LS_011B7650_1_8;
S_01196920 .scope module, "c1" "circle" 4 15, 5 1 0, S_011976F0;
 .timescale 0 0;
    .port_info 0 /OUTPUT 1 "gout"
    .port_info 1 /OUTPUT 1 "aout"
    .port_info 2 /INPUT 1 "gl"
    .port_info 3 /INPUT 1 "al"
    .port_info 4 /INPUT 1 "gr"
    .port_info 5 /INPUT 1 "ar"
L_011AE028 .functor AND 1, L_011ABBE8, L_011AB5B8, C4<1>, C4<1>;
L_011AD9B0 .functor OR 1, L_011AB458, L_011AE028, C4<0>, C4<0>;
L_011ADC38 .functor AND 1, L_011ABBE8, L_011AB878, C4<1>, C4<1>;
v01194670_0 .net *"_s0", 0 0, L_011AE028;  1 drivers
v01194A90_0 .net "al", 0 0, L_011ABBE8;  1 drivers
v011946C8_0 .net "aout", 0 0, L_011ADC38;  1 drivers
v01194568_0 .net "ar", 0 0, L_011AB878;  1 drivers
v011948D8_0 .net "gl", 0 0, L_011AB458;  1 drivers
v011942A8_0 .net "gout", 0 0, L_011AD9B0;  1 drivers
v01194300_0 .net "gr", 0 0, L_011AB5B8;  1 drivers
S_01196440 .scope module, "c10" "circle" 4 28, 5 1 0, S_011976F0;
 .timescale 0 0;
    .port_info 0 /OUTPUT 1 "gout"
    .port_info 1 /OUTPUT 1 "aout"
    .port_info 2 /INPUT 1 "gl"
    .port_info 3 /INPUT 1 "al"
    .port_info 4 /INPUT 1 "gr"
    .port_info 5 /INPUT 1 "ar"
L_011AE6A0 .functor AND 1, L_011ABC40, L_011AC008, C4<1>, C4<1>;
L_011AE1D8 .functor OR 1, L_011AC480, L_011AE6A0, C4<0>, C4<0>;
L_011AE4A8 .functor AND 1, L_011ABC40, L_011AC1C0, C4<1>, C4<1>;
v011949E0_0 .net *"_s0", 0 0, L_011AE6A0;  1 drivers
v011944B8_0 .net "al", 0 0, L_011ABC40;  1 drivers
v011945C0_0 .net "aout", 0 0, L_011AE4A8;  1 drivers
v01194618_0 .net "ar", 0 0, L_011AC1C0;  1 drivers
v01194720_0 .net "gl", 0 0, L_011AC480;  1 drivers
v01194778_0 .net "gout", 0 0, L_011AE1D8;  1 drivers
v01193648_0 .net "gr", 0 0, L_011AC008;  1 drivers
S_01196100 .scope module, "c11" "circle" 4 29, 5 1 0, S_011976F0;
 .timescale 0 0;
    .port_info 0 /OUTPUT 1 "gout"
    .port_info 1 /OUTPUT 1 "aout"
    .port_info 2 /INPUT 1 "gl"
    .port_info 3 /INPUT 1 "al"
    .port_info 4 /INPUT 1 "gr"
    .port_info 5 /INPUT 1 "ar"
L_011AE658 .functor AND 1, L_011AC270, L_011ABF58, C4<1>, C4<1>;
L_011AE4F0 .functor OR 1, L_011ABC98, L_011AE658, C4<0>, C4<0>;
L_011AE538 .functor AND 1, L_011AC270, L_011ABCF0, C4<1>, C4<1>;
v011930C8_0 .net *"_s0", 0 0, L_011AE658;  1 drivers
v01193120_0 .net "al", 0 0, L_011AC270;  1 drivers
v01192E08_0 .net "aout", 0 0, L_011AE538;  1 drivers
v01192EB8_0 .net "ar", 0 0, L_011ABCF0;  1 drivers
v01193178_0 .net "gl", 0 0, L_011ABC98;  1 drivers
v01192FC0_0 .net "gout", 0 0, L_011AE4F0;  1 drivers
v01193490_0 .net "gr", 0 0, L_011ABF58;  1 drivers
S_01196510 .scope module, "c12" "circle" 4 30, 5 1 0, S_011976F0;
 .timescale 0 0;
    .port_info 0 /OUTPUT 1 "gout"
    .port_info 1 /OUTPUT 1 "aout"
    .port_info 2 /INPUT 1 "gl"
    .port_info 3 /INPUT 1 "al"
    .port_info 4 /INPUT 1 "gr"
    .port_info 5 /INPUT 1 "ar"
L_011AE610 .functor AND 1, L_011AC060, L_011AC2C8, C4<1>, C4<1>;
L_011AE6E8 .functor OR 1, L_011ABEA8, L_011AE610, C4<0>, C4<0>;
L_011B22C8 .functor AND 1, L_011AC060, L_011AC320, C4<1>, C4<1>;
v011931D0_0 .net *"_s0", 0 0, L_011AE610;  1 drivers
v01193228_0 .net "al", 0 0, L_011AC060;  1 drivers
v01193330_0 .net "aout", 0 0, L_011B22C8;  1 drivers
v01192D00_0 .net "ar", 0 0, L_011AC320;  1 drivers
v011936A0_0 .net "gl", 0 0, L_011ABEA8;  1 drivers
v01193598_0 .net "gout", 0 0, L_011AE6E8;  1 drivers
v01193540_0 .net "gr", 0 0, L_011AC2C8;  1 drivers
S_011972E0 .scope module, "c13" "circle" 4 31, 5 1 0, S_011976F0;
 .timescale 0 0;
    .port_info 0 /OUTPUT 1 "gout"
    .port_info 1 /OUTPUT 1 "aout"
    .port_info 2 /INPUT 1 "gl"
    .port_info 3 /INPUT 1 "al"
    .port_info 4 /INPUT 1 "gr"
    .port_info 5 /INPUT 1 "ar"
L_011B2940 .functor AND 1, L_011A8DD8, L_011A8FE8, C4<1>, C4<1>;
L_011B23A0 .functor OR 1, L_011AC378, L_011B2940, C4<0>, C4<0>;
L_011B2748 .functor AND 1, L_011A8DD8, L_011A8A10, C4<1>, C4<1>;
v01193018_0 .net *"_s0", 0 0, L_011B2940;  1 drivers
v01193750_0 .net "al", 0 0, L_011A8DD8;  1 drivers
v01192E60_0 .net "aout", 0 0, L_011B2748;  1 drivers
v01192D58_0 .net "ar", 0 0, L_011A8A10;  1 drivers
v01193070_0 .net "gl", 0 0, L_011AC378;  1 drivers
v01193280_0 .net "gout", 0 0, L_011B23A0;  1 drivers
v011936F8_0 .net "gr", 0 0, L_011A8FE8;  1 drivers
S_011965E0 .scope module, "c14" "circle" 4 38, 5 1 0, S_011976F0;
 .timescale 0 0;
    .port_info 0 /OUTPUT 1 "gout"
    .port_info 1 /OUTPUT 1 "aout"
    .port_info 2 /INPUT 1 "gl"
    .port_info 3 /INPUT 1 "al"
    .port_info 4 /INPUT 1 "gr"
    .port_info 5 /INPUT 1 "ar"
L_011B2700 .functor AND 1, L_011A86A0, L_011A8750, C4<1>, C4<1>;
L_011B2868 .functor OR 1, L_011A8EE0, L_011B2700, C4<0>, C4<0>;
L_011B28B0 .functor AND 1, L_011A86A0, L_011A8C20, C4<1>, C4<1>;
v01192F10_0 .net *"_s0", 0 0, L_011B2700;  1 drivers
v011932D8_0 .net "al", 0 0, L_011A86A0;  1 drivers
v011935F0_0 .net "aout", 0 0, L_011B28B0;  1 drivers
v01192CA8_0 .net "ar", 0 0, L_011A8C20;  1 drivers
v01192DB0_0 .net "gl", 0 0, L_011A8EE0;  1 drivers
v01192F68_0 .net "gout", 0 0, L_011B2868;  1 drivers
v01193388_0 .net "gr", 0 0, L_011A8750;  1 drivers
S_01195DC0 .scope module, "c15" "circle" 4 39, 5 1 0, S_011976F0;
 .timescale 0 0;
    .port_info 0 /OUTPUT 1 "gout"
    .port_info 1 /OUTPUT 1 "aout"
    .port_info 2 /INPUT 1 "gl"
    .port_info 3 /INPUT 1 "al"
    .port_info 4 /INPUT 1 "gr"
    .port_info 5 /INPUT 1 "ar"
L_011B23E8 .functor AND 1, L_011A89B8, L_011A8AC0, C4<1>, C4<1>;
L_011B2280 .functor OR 1, L_011A8E88, L_011B23E8, C4<0>, C4<0>;
L_011B2550 .functor AND 1, L_011A89B8, L_011A87A8, C4<1>, C4<1>;
v011933E0_0 .net *"_s0", 0 0, L_011B23E8;  1 drivers
v01193438_0 .net "al", 0 0, L_011A89B8;  1 drivers
v011934E8_0 .net "aout", 0 0, L_011B2550;  1 drivers
v0119D670_0 .net "ar", 0 0, L_011A87A8;  1 drivers
v0119D250_0 .net "gl", 0 0, L_011A8E88;  1 drivers
v0119CDD8_0 .net "gout", 0 0, L_011B2280;  1 drivers
v0119CEE0_0 .net "gr", 0 0, L_011A8AC0;  1 drivers
S_01197480 .scope module, "c16" "circle" 4 40, 5 1 0, S_011976F0;
 .timescale 0 0;
    .port_info 0 /OUTPUT 1 "gout"
    .port_info 1 /OUTPUT 1 "aout"
    .port_info 2 /INPUT 1 "gl"
    .port_info 3 /INPUT 1 "al"
    .port_info 4 /INPUT 1 "gr"
    .port_info 5 /INPUT 1 "ar"
L_011B2238 .functor AND 1, L_011A8CD0, L_011A8858, C4<1>, C4<1>;
L_011B2430 .functor OR 1, L_011A8800, L_011B2238, C4<0>, C4<0>;
L_011B2310 .functor AND 1, L_011A8CD0, L_011A8D28, C4<1>, C4<1>;
v0119D300_0 .net *"_s0", 0 0, L_011B2238;  1 drivers
v0119D6C8_0 .net "al", 0 0, L_011A8CD0;  1 drivers
v0119CFE8_0 .net "aout", 0 0, L_011B2310;  1 drivers
v0119D720_0 .net "ar", 0 0, L_011A8D28;  1 drivers
v0119D358_0 .net "gl", 0 0, L_011A8800;  1 drivers
v0119D098_0 .net "gout", 0 0, L_011B2430;  1 drivers
v0119CF90_0 .net "gr", 0 0, L_011A8858;  1 drivers
S_011966B0 .scope module, "c17" "circle" 4 41, 5 1 0, S_011976F0;
 .timescale 0 0;
    .port_info 0 /OUTPUT 1 "gout"
    .port_info 1 /OUTPUT 1 "aout"
    .port_info 2 /INPUT 1 "gl"
    .port_info 3 /INPUT 1 "al"
    .port_info 4 /INPUT 1 "gr"
    .port_info 5 /INPUT 1 "ar"
L_011B28F8 .functor AND 1, L_011A8E30, L_011A88B0, C4<1>, C4<1>;
L_011B2790 .functor OR 1, L_011A8B18, L_011B28F8, C4<0>, C4<0>;
L_011B27D8 .functor AND 1, L_011A8E30, L_011A8B70, C4<1>, C4<1>;
v0119CE88_0 .net *"_s0", 0 0, L_011B28F8;  1 drivers
v0119D778_0 .net "al", 0 0, L_011A8E30;  1 drivers
v0119D3B0_0 .net "aout", 0 0, L_011B27D8;  1 drivers
v0119CE30_0 .net "ar", 0 0, L_011A8B70;  1 drivers
v0119CCD0_0 .net "gl", 0 0, L_011A8B18;  1 drivers
v0119D5C0_0 .net "gout", 0 0, L_011B2790;  1 drivers
v0119D4B8_0 .net "gr", 0 0, L_011A88B0;  1 drivers
S_011973B0 .scope module, "c18" "circle" 4 42, 5 1 0, S_011976F0;
 .timescale 0 0;
    .port_info 0 /OUTPUT 1 "gout"
    .port_info 1 /OUTPUT 1 "aout"
    .port_info 2 /INPUT 1 "gl"
    .port_info 3 /INPUT 1 "al"
    .port_info 4 /INPUT 1 "gr"
    .port_info 5 /INPUT 1 "ar"
L_011B2088 .functor AND 1, L_011A9880, L_011A9300, C4<1>, C4<1>;
L_011B2118 .functor OR 1, L_011A8BC8, L_011B2088, C4<0>, C4<0>;
L_011B2160 .functor AND 1, L_011A9880, L_011A9A38, C4<1>, C4<1>;
v0119D408_0 .net *"_s0", 0 0, L_011B2088;  1 drivers
v0119D148_0 .net "al", 0 0, L_011A9880;  1 drivers
v0119D040_0 .net "aout", 0 0, L_011B2160;  1 drivers
v0119D510_0 .net "ar", 0 0, L_011A9A38;  1 drivers
v0119D1A0_0 .net "gl", 0 0, L_011A8BC8;  1 drivers
v0119D1F8_0 .net "gout", 0 0, L_011B2118;  1 drivers
v0119D460_0 .net "gr", 0 0, L_011A9300;  1 drivers
S_01196D30 .scope module, "c19" "circle" 4 43, 5 1 0, S_011976F0;
 .timescale 0 0;
    .port_info 0 /OUTPUT 1 "gout"
    .port_info 1 /OUTPUT 1 "aout"
    .port_info 2 /INPUT 1 "gl"
    .port_info 3 /INPUT 1 "al"
    .port_info 4 /INPUT 1 "gr"
    .port_info 5 /INPUT 1 "ar"
L_011B2508 .functor AND 1, L_011A9670, L_011A91F8, C4<1>, C4<1>;
L_011B2598 .functor OR 1, L_011A96C8, L_011B2508, C4<0>, C4<0>;
L_011B25E0 .functor AND 1, L_011A9670, L_011A9A90, C4<1>, C4<1>;
v0119CD28_0 .net *"_s0", 0 0, L_011B2508;  1 drivers
v0119D568_0 .net "al", 0 0, L_011A9670;  1 drivers
v0119D2A8_0 .net "aout", 0 0, L_011B25E0;  1 drivers
v0119D0F0_0 .net "ar", 0 0, L_011A9A90;  1 drivers
v0119CD80_0 .net "gl", 0 0, L_011A96C8;  1 drivers
v0119D618_0 .net "gout", 0 0, L_011B2598;  1 drivers
v0119CF38_0 .net "gr", 0 0, L_011A91F8;  1 drivers
S_011961D0 .scope module, "c2" "circle" 4 16, 5 1 0, S_011976F0;
 .timescale 0 0;
    .port_info 0 /OUTPUT 1 "gout"
    .port_info 1 /OUTPUT 1 "aout"
    .port_info 2 /INPUT 1 "gl"
    .port_info 3 /INPUT 1 "al"
    .port_info 4 /INPUT 1 "gr"
    .port_info 5 /INPUT 1 "ar"
L_011ADEC0 .functor AND 1, L_011AB9D8, L_011AB7C8, C4<1>, C4<1>;
L_011ADC80 .functor OR 1, L_011AB350, L_011ADEC0, C4<0>, C4<0>;
L_011ADCC8 .functor AND 1, L_011AB9D8, L_011AB610, C4<1>, C4<1>;
v0119DEB0_0 .net *"_s0", 0 0, L_011ADEC0;  1 drivers
v0119E068_0 .net "al", 0 0, L_011AB9D8;  1 drivers
v0119DA38_0 .net "aout", 0 0, L_011ADCC8;  1 drivers
v0119D880_0 .net "ar", 0 0, L_011AB610;  1 drivers
v0119D828_0 .net "gl", 0 0, L_011AB350;  1 drivers
v0119DC48_0 .net "gout", 0 0, L_011ADC80;  1 drivers
v0119DB98_0 .net "gr", 0 0, L_011AB7C8;  1 drivers
S_01196780 .scope module, "c20" "circle" 4 44, 5 1 0, S_011976F0;
 .timescale 0 0;
    .port_info 0 /OUTPUT 1 "gout"
    .port_info 1 /OUTPUT 1 "aout"
    .port_info 2 /INPUT 1 "gl"
    .port_info 3 /INPUT 1 "al"
    .port_info 4 /INPUT 1 "gr"
    .port_info 5 /INPUT 1 "ar"
L_011B2628 .functor AND 1, L_011A98D8, L_011A9460, C4<1>, C4<1>;
L_011B2820 .functor OR 1, L_011A9098, L_011B2628, C4<0>, C4<0>;
L_011B2F28 .functor AND 1, L_011A98D8, L_011A90F0, C4<1>, C4<1>;
v0119DF60_0 .net *"_s0", 0 0, L_011B2628;  1 drivers
v0119D8D8_0 .net "al", 0 0, L_011A98D8;  1 drivers
v0119DCA0_0 .net "aout", 0 0, L_011B2F28;  1 drivers
v0119DAE8_0 .net "ar", 0 0, L_011A90F0;  1 drivers
v0119DBF0_0 .net "gl", 0 0, L_011A9098;  1 drivers
v0119DFB8_0 .net "gout", 0 0, L_011B2820;  1 drivers
v0119DF08_0 .net "gr", 0 0, L_011A9460;  1 drivers
S_011969F0 .scope module, "c21" "circle" 4 45, 5 1 0, S_011976F0;
 .timescale 0 0;
    .port_info 0 /OUTPUT 1 "gout"
    .port_info 1 /OUTPUT 1 "aout"
    .port_info 2 /INPUT 1 "gl"
    .port_info 3 /INPUT 1 "al"
    .port_info 4 /INPUT 1 "gr"
    .port_info 5 /INPUT 1 "ar"
L_011B2EE0 .functor AND 1, L_011A92A8, L_011A91A0, C4<1>, C4<1>;
L_011B2A60 .functor OR 1, L_011A9148, L_011B2EE0, C4<0>, C4<0>;
L_011B2DC0 .functor AND 1, L_011A92A8, L_011A9930, C4<1>, C4<1>;
v0119E010_0 .net *"_s0", 0 0, L_011B2EE0;  1 drivers
v0119E0C0_0 .net "al", 0 0, L_011A92A8;  1 drivers
v0119DB40_0 .net "aout", 0 0, L_011B2DC0;  1 drivers
v0119DCF8_0 .net "ar", 0 0, L_011A9930;  1 drivers
v0119DD50_0 .net "gl", 0 0, L_011A9148;  1 drivers
v0119DDA8_0 .net "gout", 0 0, L_011B2A60;  1 drivers
v0119E118_0 .net "gr", 0 0, L_011A91A0;  1 drivers
S_01195F60 .scope module, "c3" "circle" 4 17, 5 1 0, S_011976F0;
 .timescale 0 0;
    .port_info 0 /OUTPUT 1 "gout"
    .port_info 1 /OUTPUT 1 "aout"
    .port_info 2 /INPUT 1 "gl"
    .port_info 3 /INPUT 1 "al"
    .port_info 4 /INPUT 1 "gr"
    .port_info 5 /INPUT 1 "ar"
L_011ADDE8 .functor AND 1, L_011ABA88, L_011AB928, C4<1>, C4<1>;
L_011ADE30 .functor OR 1, L_011AB2A0, L_011ADDE8, C4<0>, C4<0>;
L_011ADF50 .functor AND 1, L_011ABA88, L_011AB980, C4<1>, C4<1>;
v0119D930_0 .net *"_s0", 0 0, L_011ADDE8;  1 drivers
v0119DA90_0 .net "al", 0 0, L_011ABA88;  1 drivers
v0119DE00_0 .net "aout", 0 0, L_011ADF50;  1 drivers
v0119D7D0_0 .net "ar", 0 0, L_011AB980;  1 drivers
v0119D988_0 .net "gl", 0 0, L_011AB2A0;  1 drivers
v0119DE58_0 .net "gout", 0 0, L_011ADE30;  1 drivers
v0119D9E0_0 .net "gr", 0 0, L_011AB928;  1 drivers
S_01197550 .scope module, "c4" "circle" 4 18, 5 1 0, S_011976F0;
 .timescale 0 0;
    .port_info 0 /OUTPUT 1 "gout"
    .port_info 1 /OUTPUT 1 "aout"
    .port_info 2 /INPUT 1 "gl"
    .port_info 3 /INPUT 1 "al"
    .port_info 4 /INPUT 1 "gr"
    .port_info 5 /INPUT 1 "ar"
L_011ADF98 .functor AND 1, L_011AB668, L_011ABA30, C4<1>, C4<1>;
L_011ADFE0 .functor OR 1, L_011ABAE0, L_011ADF98, C4<0>, C4<0>;
L_011AD890 .functor AND 1, L_011AB668, L_011AB508, C4<1>, C4<1>;
v0119C4E8_0 .net *"_s0", 0 0, L_011ADF98;  1 drivers
v0119C598_0 .net "al", 0 0, L_011AB668;  1 drivers
v0119CA10_0 .net "aout", 0 0, L_011AD890;  1 drivers
v0119CA68_0 .net "ar", 0 0, L_011AB508;  1 drivers
v0119CB70_0 .net "gl", 0 0, L_011ABAE0;  1 drivers
v0119C3E0_0 .net "gout", 0 0, L_011ADFE0;  1 drivers
v0119C330_0 .net "gr", 0 0, L_011ABA30;  1 drivers
S_01196030 .scope module, "c5" "circle" 4 19, 5 1 0, S_011976F0;
 .timescale 0 0;
    .port_info 0 /OUTPUT 1 "gout"
    .port_info 1 /OUTPUT 1 "aout"
    .port_info 2 /INPUT 1 "gl"
    .port_info 3 /INPUT 1 "al"
    .port_info 4 /INPUT 1 "gr"
    .port_info 5 /INPUT 1 "ar"
L_011AD8D8 .functor AND 1, L_011AB8D0, L_011AB6C0, C4<1>, C4<1>;
L_011AD920 .functor OR 1, L_011AB1F0, L_011AD8D8, C4<0>, C4<0>;
L_011AD9F8 .functor AND 1, L_011AB8D0, L_011ABB38, C4<1>, C4<1>;
v0119C800_0 .net *"_s0", 0 0, L_011AD8D8;  1 drivers
v0119CC78_0 .net "al", 0 0, L_011AB8D0;  1 drivers
v0119C438_0 .net "aout", 0 0, L_011AD9F8;  1 drivers
v0119CAC0_0 .net "ar", 0 0, L_011ABB38;  1 drivers
v0119C540_0 .net "gl", 0 0, L_011AB1F0;  1 drivers
v0119C5F0_0 .net "gout", 0 0, L_011AD920;  1 drivers
v0119C858_0 .net "gr", 0 0, L_011AB6C0;  1 drivers
S_011962A0 .scope module, "c6" "circle" 4 20, 5 1 0, S_011976F0;
 .timescale 0 0;
    .port_info 0 /OUTPUT 1 "gout"
    .port_info 1 /OUTPUT 1 "aout"
    .port_info 2 /INPUT 1 "gl"
    .port_info 3 /INPUT 1 "al"
    .port_info 4 /INPUT 1 "gr"
    .port_info 5 /INPUT 1 "ar"
L_011AE2B0 .functor AND 1, L_011AB770, L_011AB140, C4<1>, C4<1>;
L_011AE730 .functor OR 1, L_011ABB90, L_011AE2B0, C4<0>, C4<0>;
L_011AE778 .functor AND 1, L_011AB770, L_011AB198, C4<1>, C4<1>;
v0119C8B0_0 .net *"_s0", 0 0, L_011AE2B0;  1 drivers
v0119C648_0 .net "al", 0 0, L_011AB770;  1 drivers
v0119C6A0_0 .net "aout", 0 0, L_011AE778;  1 drivers
v0119C6F8_0 .net "ar", 0 0, L_011AB198;  1 drivers
v0119CB18_0 .net "gl", 0 0, L_011ABB90;  1 drivers
v0119C280_0 .net "gout", 0 0, L_011AE730;  1 drivers
v0119C1D0_0 .net "gr", 0 0, L_011AB140;  1 drivers
S_01197070 .scope module, "c7" "circle" 4 21, 5 1 0, S_011976F0;
 .timescale 0 0;
    .port_info 0 /OUTPUT 1 "gout"
    .port_info 1 /OUTPUT 1 "aout"
    .port_info 2 /INPUT 1 "gl"
    .port_info 3 /INPUT 1 "al"
    .port_info 4 /INPUT 1 "gr"
    .port_info 5 /INPUT 1 "ar"
L_011AE220 .functor AND 1, L_011AB248, L_011AB3A8, C4<1>, C4<1>;
L_011AE580 .functor OR 1, L_011AB820, L_011AE220, C4<0>, C4<0>;
L_011AE3D0 .functor AND 1, L_011AB248, L_011AB400, C4<1>, C4<1>;
v0119C750_0 .net *"_s0", 0 0, L_011AE220;  1 drivers
v0119C7A8_0 .net "al", 0 0, L_011AB248;  1 drivers
v0119C490_0 .net "aout", 0 0, L_011AE3D0;  1 drivers
v0119CBC8_0 .net "ar", 0 0, L_011AB400;  1 drivers
v0119C908_0 .net "gl", 0 0, L_011AB820;  1 drivers
v0119CC20_0 .net "gout", 0 0, L_011AE580;  1 drivers
v0119C960_0 .net "gr", 0 0, L_011AB3A8;  1 drivers
S_01196AC0 .scope module, "c8" "circle" 4 26, 5 1 0, S_011976F0;
 .timescale 0 0;
    .port_info 0 /OUTPUT 1 "gout"
    .port_info 1 /OUTPUT 1 "aout"
    .port_info 2 /INPUT 1 "gl"
    .port_info 3 /INPUT 1 "al"
    .port_info 4 /INPUT 1 "gr"
    .port_info 5 /INPUT 1 "ar"
L_011AE2F8 .functor AND 1, L_011ABDA0, L_011ABDF8, C4<1>, C4<1>;
L_011AE460 .functor OR 1, L_011AC110, L_011AE2F8, C4<0>, C4<0>;
L_011AE5C8 .functor AND 1, L_011ABDA0, L_011ABF00, C4<1>, C4<1>;
v0119C9B8_0 .net *"_s0", 0 0, L_011AE2F8;  1 drivers
v0119C228_0 .net "al", 0 0, L_011ABDA0;  1 drivers
v0119C2D8_0 .net "aout", 0 0, L_011AE5C8;  1 drivers
v0119C388_0 .net "ar", 0 0, L_011ABF00;  1 drivers
v0119E680_0 .net "gl", 0 0, L_011AC110;  1 drivers
v0119E730_0 .net "gout", 0 0, L_011AE460;  1 drivers
v0119EA48_0 .net "gr", 0 0, L_011ABDF8;  1 drivers
S_01196370 .scope module, "c9" "circle" 4 27, 5 1 0, S_011976F0;
 .timescale 0 0;
    .port_info 0 /OUTPUT 1 "gout"
    .port_info 1 /OUTPUT 1 "aout"
    .port_info 2 /INPUT 1 "gl"
    .port_info 3 /INPUT 1 "al"
    .port_info 4 /INPUT 1 "gr"
    .port_info 5 /INPUT 1 "ar"
L_011AE268 .functor AND 1, L_011ABFB0, L_011AC3D0, C4<1>, C4<1>;
L_011AE418 .functor OR 1, L_011AC0B8, L_011AE268, C4<0>, C4<0>;
L_011AE190 .functor AND 1, L_011ABFB0, L_011ABE50, C4<1>, C4<1>;
v0119E788_0 .net *"_s0", 0 0, L_011AE268;  1 drivers
v0119E8E8_0 .net "al", 0 0, L_011ABFB0;  1 drivers
v0119E2B8_0 .net "aout", 0 0, L_011AE190;  1 drivers
v0119E520_0 .net "ar", 0 0, L_011ABE50;  1 drivers
v0119EB50_0 .net "gl", 0 0, L_011AC0B8;  1 drivers
v0119EAF8_0 .net "gout", 0 0, L_011AE418;  1 drivers
v0119E7E0_0 .net "gr", 0 0, L_011AC3D0;  1 drivers
S_01196B90 .scope module, "d1" "dot" 4 14, 6 1 0, S_011976F0;
 .timescale 0 0;
    .port_info 0 /OUTPUT 1 "gout"
    .port_info 1 /INPUT 1 "gl"
    .port_info 2 /INPUT 1 "al"
    .port_info 3 /INPUT 1 "gr"
L_011AD968 .functor AND 1, L_011AB2F8, L_011ADBA8, C4<1>, C4<1>;
L_011ADA40 .functor OR 1, L_011AB718, L_011AD968, C4<0>, C4<0>;
v0119ECB0_0 .net *"_s0", 0 0, L_011AD968;  1 drivers
v0119E838_0 .net "al", 0 0, L_011AB2F8;  1 drivers
v0119E310_0 .net "gl", 0 0, L_011AB718;  1 drivers
v0119E5D0_0 .net "gout", 0 0, L_011ADA40;  1 drivers
v0119E368_0 .net "gr", 0 0, L_011ADBA8;  alias, 1 drivers
S_01196C60 .scope module, "d10" "dot" 4 50, 6 1 0, S_011976F0;
 .timescale 0 0;
    .port_info 0 /OUTPUT 1 "gout"
    .port_info 1 /INPUT 1 "gl"
    .port_info 2 /INPUT 1 "al"
    .port_info 3 /INPUT 1 "gr"
L_011B2E98 .functor AND 1, L_011A93B0, L_011A9358, C4<1>, C4<1>;
L_011B2F70 .functor OR 1, L_011A9828, L_011B2E98, C4<0>, C4<0>;
v0119E628_0 .net *"_s0", 0 0, L_011B2E98;  1 drivers
v0119E470_0 .net "al", 0 0, L_011A93B0;  1 drivers
v0119EAA0_0 .net "gl", 0 0, L_011A9828;  1 drivers
v0119EBA8_0 .net "gout", 0 0, L_011B2F70;  1 drivers
v0119ED08_0 .net "gr", 0 0, L_011A9358;  1 drivers
S_01196E00 .scope module, "d11" "dot" 4 51, 6 1 0, S_011976F0;
 .timescale 0 0;
    .port_info 0 /OUTPUT 1 "gout"
    .port_info 1 /INPUT 1 "gl"
    .port_info 2 /INPUT 1 "al"
    .port_info 3 /INPUT 1 "gr"
L_011B2D30 .functor AND 1, L_011A9510, L_011A9778, C4<1>, C4<1>;
L_011B2FB8 .functor OR 1, L_011A9408, L_011B2D30, C4<0>, C4<0>;
v0119E578_0 .net *"_s0", 0 0, L_011B2D30;  1 drivers
v0119E4C8_0 .net "al", 0 0, L_011A9510;  1 drivers
v0119E9F0_0 .net "gl", 0 0, L_011A9408;  1 drivers
v0119E890_0 .net "gout", 0 0, L_011B2FB8;  1 drivers
v0119E940_0 .net "gr", 0 0, L_011A9778;  1 drivers
S_01196ED0 .scope module, "d12" "dot" 4 52, 6 1 0, S_011976F0;
 .timescale 0 0;
    .port_info 0 /OUTPUT 1 "gout"
    .port_info 1 /INPUT 1 "gl"
    .port_info 2 /INPUT 1 "al"
    .port_info 3 /INPUT 1 "gr"
L_011B2B80 .functor AND 1, L_011A97D0, L_011A9988, C4<1>, C4<1>;
L_011B3000 .functor OR 1, L_011A9568, L_011B2B80, C4<0>, C4<0>;
v0119E260_0 .net *"_s0", 0 0, L_011B2B80;  1 drivers
v0119E6D8_0 .net "al", 0 0, L_011A97D0;  1 drivers
v0119EC00_0 .net "gl", 0 0, L_011A9568;  1 drivers
v0119EC58_0 .net "gout", 0 0, L_011B3000;  1 drivers
v0119E3C0_0 .net "gr", 0 0, L_011A9988;  1 drivers
S_01196FA0 .scope module, "d13" "dot" 4 53, 6 1 0, S_011976F0;
 .timescale 0 0;
    .port_info 0 /OUTPUT 1 "gout"
    .port_info 1 /INPUT 1 "gl"
    .port_info 2 /INPUT 1 "al"
    .port_info 3 /INPUT 1 "gr"
L_011B2C58 .functor AND 1, L_011A9040, L_011B7D88, C4<1>, C4<1>;
L_011B2D78 .functor OR 1, L_011A99E0, L_011B2C58, C4<0>, C4<0>;
v0119E418_0 .net *"_s0", 0 0, L_011B2C58;  1 drivers
v0119E998_0 .net "al", 0 0, L_011A9040;  1 drivers
v0119F128_0 .net "gl", 0 0, L_011A99E0;  1 drivers
v0119F808_0 .net "gout", 0 0, L_011B2D78;  1 drivers
v0119EE68_0 .net "gr", 0 0, L_011B7D88;  1 drivers
S_01197140 .scope module, "d14" "dot" 4 54, 6 1 0, S_011976F0;
 .timescale 0 0;
    .port_info 0 /OUTPUT 1 "gout"
    .port_info 1 /INPUT 1 "gl"
    .port_info 2 /INPUT 1 "al"
    .port_info 3 /INPUT 1 "gr"
L_011B2A18 .functor AND 1, L_011B7440, L_011B7390, C4<1>, C4<1>;
L_011B2C10 .functor OR 1, L_011B7808, L_011B2A18, C4<0>, C4<0>;
v0119F7B0_0 .net *"_s0", 0 0, L_011B2A18;  1 drivers
v0119F230_0 .net "al", 0 0, L_011B7440;  1 drivers
v0119EF70_0 .net "gl", 0 0, L_011B7808;  1 drivers
v0119ED60_0 .net "gout", 0 0, L_011B2C10;  1 drivers
v0119F3E8_0 .net "gr", 0 0, L_011B7390;  1 drivers
S_01197890 .scope module, "d15" "dot" 4 55, 6 1 0, S_011976F0;
 .timescale 0 0;
    .port_info 0 /OUTPUT 1 "gout"
    .port_info 1 /INPUT 1 "gl"
    .port_info 2 /INPUT 1 "al"
    .port_info 3 /INPUT 1 "gr"
L_011B2988 .functor AND 1, L_011B75F8, L_011B7860, C4<1>, C4<1>;
L_011B2CA0 .functor OR 1, L_011B7968, L_011B2988, C4<0>, C4<0>;
v0119F6A8_0 .net *"_s0", 0 0, L_011B2988;  1 drivers
v0119F498_0 .net "al", 0 0, L_011B75F8;  1 drivers
v0119F4F0_0 .net "gl", 0 0, L_011B7968;  1 drivers
v0119F078_0 .net "gout", 0 0, L_011B2CA0;  1 drivers
v0119F650_0 .net "gr", 0 0, L_011B7860;  1 drivers
S_01197CA0 .scope module, "d16" "dot" 4 57, 6 1 0, S_011976F0;
 .timescale 0 0;
    .port_info 0 /OUTPUT 1 "gout"
    .port_info 1 /INPUT 1 "gl"
    .port_info 2 /INPUT 1 "al"
    .port_info 3 /INPUT 1 "gr"
L_011B2AF0 .functor AND 1, L_011B74F0, L_011B7498, C4<1>, C4<1>;
L_011B2CE8 .functor OR 1, L_011B7BD0, L_011B2AF0, C4<0>, C4<0>;
v0119F548_0 .net *"_s0", 0 0, L_011B2AF0;  1 drivers
v0119F5F8_0 .net "al", 0 0, L_011B74F0;  1 drivers
v0119F5A0_0 .net "gl", 0 0, L_011B7BD0;  1 drivers
v0119F758_0 .net "gout", 0 0, L_011B2CE8;  alias, 1 drivers
v0119EDB8_0 .net "gr", 0 0, L_011B7498;  1 drivers
S_01197960 .scope module, "d2" "dot" 4 24, 6 1 0, S_011976F0;
 .timescale 0 0;
    .port_info 0 /OUTPUT 1 "gout"
    .port_info 1 /INPUT 1 "gl"
    .port_info 2 /INPUT 1 "al"
    .port_info 3 /INPUT 1 "gr"
L_011AE7C0 .functor AND 1, L_011AB560, L_011AC218, C4<1>, C4<1>;
L_011AE340 .functor OR 1, L_011AB4B0, L_011AE7C0, C4<0>, C4<0>;
v0119F180_0 .net *"_s0", 0 0, L_011AE7C0;  1 drivers
v0119F700_0 .net "al", 0 0, L_011AB560;  1 drivers
v0119EE10_0 .net "gl", 0 0, L_011AB4B0;  1 drivers
v0119EEC0_0 .net "gout", 0 0, L_011AE340;  1 drivers
v0119EF18_0 .net "gr", 0 0, L_011AC218;  1 drivers
S_011977C0 .scope module, "d3" "dot" 4 25, 6 1 0, S_011976F0;
 .timescale 0 0;
    .port_info 0 /OUTPUT 1 "gout"
    .port_info 1 /INPUT 1 "gl"
    .port_info 2 /INPUT 1 "al"
    .port_info 3 /INPUT 1 "gr"
L_011AE388 .functor AND 1, L_011AC168, L_011ABD48, C4<1>, C4<1>;
L_011AE148 .functor OR 1, L_011AC428, L_011AE388, C4<0>, C4<0>;
v0119EFC8_0 .net *"_s0", 0 0, L_011AE388;  1 drivers
v0119F020_0 .net "al", 0 0, L_011AC168;  1 drivers
v0119F288_0 .net "gl", 0 0, L_011AC428;  1 drivers
v0119F0D0_0 .net "gout", 0 0, L_011AE148;  1 drivers
v0119F440_0 .net "gr", 0 0, L_011ABD48;  1 drivers
S_01197A30 .scope module, "d4" "dot" 4 34, 6 1 0, S_011976F0;
 .timescale 0 0;
    .port_info 0 /OUTPUT 1 "gout"
    .port_info 1 /INPUT 1 "gl"
    .port_info 2 /INPUT 1 "al"
    .port_info 3 /INPUT 1 "gr"
L_011B24C0 .functor AND 1, L_011A8598, L_011A8D80, C4<1>, C4<1>;
L_011B20D0 .functor OR 1, L_011A8F38, L_011B24C0, C4<0>, C4<0>;
v0119F390_0 .net *"_s0", 0 0, L_011B24C0;  1 drivers
v0119F1D8_0 .net "al", 0 0, L_011A8598;  1 drivers
v0119F2E0_0 .net "gl", 0 0, L_011A8F38;  1 drivers
v0119F338_0 .net "gout", 0 0, L_011B20D0;  1 drivers
v0119FB20_0 .net "gr", 0 0, L_011A8D80;  1 drivers
S_01197B00 .scope module, "d5" "dot" 4 35, 6 1 0, S_011976F0;
 .timescale 0 0;
    .port_info 0 /OUTPUT 1 "gout"
    .port_info 1 /INPUT 1 "gl"
    .port_info 2 /INPUT 1 "al"
    .port_info 3 /INPUT 1 "gr"
L_011B2358 .functor AND 1, L_011A8540, L_011A8C78, C4<1>, C4<1>;
L_011B2670 .functor OR 1, L_011A8F90, L_011B2358, C4<0>, C4<0>;
v0119FB78_0 .net *"_s0", 0 0, L_011B2358;  1 drivers
v0119FFF0_0 .net "al", 0 0, L_011A8540;  1 drivers
v0119F8B8_0 .net "gl", 0 0, L_011A8F90;  1 drivers
v0119F910_0 .net "gout", 0 0, L_011B2670;  1 drivers
v0119FF98_0 .net "gr", 0 0, L_011A8C78;  1 drivers
S_01197BD0 .scope module, "d6" "dot" 4 36, 6 1 0, S_011976F0;
 .timescale 0 0;
    .port_info 0 /OUTPUT 1 "gout"
    .port_info 1 /INPUT 1 "gl"
    .port_info 2 /INPUT 1 "al"
    .port_info 3 /INPUT 1 "gr"
L_011B21A8 .functor AND 1, L_011A85F0, L_011A8A68, C4<1>, C4<1>;
L_011B26B8 .functor OR 1, L_011A8960, L_011B21A8, C4<0>, C4<0>;
v011A0048_0 .net *"_s0", 0 0, L_011B21A8;  1 drivers
v011A01A8_0 .net "al", 0 0, L_011A85F0;  1 drivers
v0119FCD8_0 .net "gl", 0 0, L_011A8960;  1 drivers
v0119F968_0 .net "gout", 0 0, L_011B26B8;  1 drivers
v0119FA18_0 .net "gr", 0 0, L_011A8A68;  1 drivers
S_011A1D38 .scope module, "d7" "dot" 4 37, 6 1 0, S_011976F0;
 .timescale 0 0;
    .port_info 0 /OUTPUT 1 "gout"
    .port_info 1 /INPUT 1 "gl"
    .port_info 2 /INPUT 1 "al"
    .port_info 3 /INPUT 1 "gr"
L_011B2478 .functor AND 1, L_011A86F8, L_011A8908, C4<1>, C4<1>;
L_011B21F0 .functor OR 1, L_011A8648, L_011B2478, C4<0>, C4<0>;
v0119FD30_0 .net *"_s0", 0 0, L_011B2478;  1 drivers
v0119FE38_0 .net "al", 0 0, L_011A86F8;  1 drivers
v011A00A0_0 .net "gl", 0 0, L_011A8648;  1 drivers
v0119F9C0_0 .net "gout", 0 0, L_011B21F0;  1 drivers
v0119F860_0 .net "gr", 0 0, L_011A8908;  1 drivers
S_011A2558 .scope module, "d8" "dot" 4 48, 6 1 0, S_011976F0;
 .timescale 0 0;
    .port_info 0 /OUTPUT 1 "gout"
    .port_info 1 /INPUT 1 "gl"
    .port_info 2 /INPUT 1 "al"
    .port_info 3 /INPUT 1 "gr"
L_011B2BC8 .functor AND 1, L_011A9250, L_011A9618, C4<1>, C4<1>;
L_011B2E08 .functor OR 1, L_011A95C0, L_011B2BC8, C4<0>, C4<0>;
v0119FA70_0 .net *"_s0", 0 0, L_011B2BC8;  1 drivers
v0119FDE0_0 .net "al", 0 0, L_011A9250;  1 drivers
v0119FC28_0 .net "gl", 0 0, L_011A95C0;  1 drivers
v0119FAC8_0 .net "gout", 0 0, L_011B2E08;  1 drivers
v0119FBD0_0 .net "gr", 0 0, L_011A9618;  1 drivers
S_011A2218 .scope module, "d9" "dot" 4 49, 6 1 0, S_011976F0;
 .timescale 0 0;
    .port_info 0 /OUTPUT 1 "gout"
    .port_info 1 /INPUT 1 "gl"
    .port_info 2 /INPUT 1 "al"
    .port_info 3 /INPUT 1 "gr"
L_011B2E50 .functor AND 1, L_011A94B8, L_011A9AE8, C4<1>, C4<1>;
L_011B2B38 .functor OR 1, L_011A9720, L_011B2E50, C4<0>, C4<0>;
v0119FC80_0 .net *"_s0", 0 0, L_011B2E50;  1 drivers
v0119FD88_0 .net "al", 0 0, L_011A94B8;  1 drivers
v0119FE90_0 .net "gl", 0 0, L_011A9720;  1 drivers
v0119FEE8_0 .net "gout", 0 0, L_011B2B38;  1 drivers
v011A00F8_0 .net "gr", 0 0, L_011A9AE8;  1 drivers
    .scope S_010EFA78;
T_0 ;
    %movi 8, 1257, 32;
    %set/v v011A3900_0, 8, 32;
    %movi 8, 1253, 32;
    %set/v v011A39B0_0, 8, 32;
    %set/v v011A34E0_0, 0, 1;
    %end;
    .thread T_0;
    .scope S_010EFA78;
T_1 ;
    %vpi_call 2 18 "$monitor", $time, "\011%d %d %d %d %d ", v011A3900_0, v011A39B0_0, v011A34E0_0, v011A3748_0, v011A33D8_0 {0 0};
    %end;
    .thread T_1;
# The file index is used to find the file name in the following table.
:file_names 7;
    "N/A";
    "<interactive>";
    "prefix_tb.v";
    "prefix_32.v";
    "prefix_16.v";
    "circle.v";
    "dot.v";
