#! c:/iverilog/bin/vvp
:ivl_version "0.10.0 (devel)" "(s20130827)";
:ivl_delay_selection "TYPICAL";
:vpi_time_precision + 0;
:vpi_module "system";
:vpi_module "vhdl_sys";
:vpi_module "v2005_math";
:vpi_module "va_math";
S_009430A0 .scope module, "Dflipflop" "Dflipflop" 2 1;
 .timescale 0 0;
    .port_info 0 /INPUT 32 "D"
    .port_info 1 /INPUT 1 "clk"
    .port_info 2 /OUTPUT 32 "Q"
o009D1874 .functor BUFZ 32, C4<zzzzzzzzzzzzzzzzzzzzzzzzzzzzzzzz>; HiZ drive
v009440F0_0 .net "D", 31 0, o009D1874;  0 drivers
v00944D60_0 .var "Q", 31 0;
o009D18A4 .functor BUFZ 1, C4<z>; HiZ drive
v00944DB8_0 .net "clk", 0 0, o009D18A4;  0 drivers
E_009431A0 .event posedge, v00944DB8_0;
    .scope S_009430A0;
T_0 ;
    %wait E_009431A0;
    %load/v 8, v009440F0_0, 32;
    %set/v v00944D60_0, 8, 32;
    %jmp T_0;
    .thread T_0;
# The file index is used to find the file name in the following table.
:file_names 3;
    "N/A";
    "<interactive>";
    "dflipflop.v";
