#! c:/iverilog/bin/vvp
:ivl_version "0.10.0 (devel)" "(s20130827)";
:ivl_delay_selection "TYPICAL";
:vpi_time_precision + 0;
:vpi_module "system";
:vpi_module "vhdl_sys";
:vpi_module "v2005_math";
:vpi_module "va_math";
S_010F2FD8 .scope module, "adder_tb" "adder_tb" 2 1;
 .timescale 0 0;
v010FE080_0 .var "a", 0 0;
v010FE760_0 .var "b", 0 0;
v010FE028_0 .var "c", 0 0;
v010FE340_0 .net "cout", 0 0, L_00883458;  1 drivers
v010FE0D8_0 .net "s", 0 0, L_008831D0;  1 drivers
S_010F30A8 .scope module, "f1" "fulladder" 2 4, 3 1 0, S_010F2FD8;
 .timescale 0 0;
    .port_info 0 /OUTPUT 1 "s"
    .port_info 1 /OUTPUT 1 "cout"
    .port_info 2 /INPUT 1 "a"
    .port_info 3 /INPUT 1 "b"
    .port_info 4 /INPUT 1 "c"
L_00882F90 .functor XOR 1, v010FE080_0, v010FE760_0, C4<0>, C4<0>;
L_008831D0 .functor XOR 1, L_00882F90, v010FE028_0, C4<0>, C4<0>;
L_00883410 .functor AND 1, v010FE080_0, v010FE760_0, C4<1>, C4<1>;
L_00883218 .functor AND 1, v010FE760_0, v010FE028_0, C4<1>, C4<1>;
L_00883188 .functor OR 1, L_00883410, L_00883218, C4<0>, C4<0>;
L_00882EB8 .functor AND 1, v010FE028_0, v010FE080_0, C4<1>, C4<1>;
L_00883458 .functor OR 1, L_00883188, L_00882EB8, C4<0>, C4<0>;
v010F3B80_0 .net *"_s0", 0 0, L_00882F90;  1 drivers
v010F3BD8_0 .net *"_s10", 0 0, L_00882EB8;  1 drivers
v010F3C30_0 .net *"_s4", 0 0, L_00883410;  1 drivers
v010F3C88_0 .net *"_s6", 0 0, L_00883218;  1 drivers
v010F3CE0_0 .net *"_s8", 0 0, L_00883188;  1 drivers
v010FB228_0 .net "a", 0 0, v010FE080_0;  1 drivers
v010FB280_0 .net "b", 0 0, v010FE760_0;  1 drivers
v010FB2D8_0 .net "c", 0 0, v010FE028_0;  1 drivers
v010FE658_0 .net "cout", 0 0, L_00883458;  alias, 1 drivers
v010FE2E8_0 .net "s", 0 0, L_008831D0;  alias, 1 drivers
    .scope S_010F2FD8;
T_0 ;
    %set/v v010FE080_0, 1, 1;
    %set/v v010FE760_0, 1, 1;
    %set/v v010FE028_0, 1, 1;
    %delay 10, 0;
    %set/v v010FE080_0, 1, 1;
    %set/v v010FE760_0, 1, 1;
    %set/v v010FE028_0, 0, 1;
    %delay 10, 0;
    %set/v v010FE080_0, 1, 1;
    %set/v v010FE760_0, 1, 1;
    %set/v v010FE028_0, 1, 1;
    %delay 10, 0;
    %set/v v010FE080_0, 1, 1;
    %set/v v010FE760_0, 0, 1;
    %set/v v010FE028_0, 0, 1;
    %delay 10, 0;
    %set/v v010FE080_0, 1, 1;
    %set/v v010FE760_0, 0, 1;
    %set/v v010FE028_0, 1, 1;
    %delay 10, 0;
    %set/v v010FE080_0, 0, 1;
    %set/v v010FE760_0, 1, 1;
    %set/v v010FE028_0, 0, 1;
    %end;
    .thread T_0;
    .scope S_010F2FD8;
T_1 ;
    %delay 10, 0;
    %vpi_call 2 18 "$display", $time, "  %b, %b, %b, %b, %b", v010FE080_0, v010FE760_0, v010FE028_0, v010FE0D8_0, v010FE340_0 {0 0};
    %delay 10, 0;
    %vpi_call 2 19 "$display", $time, "  %b, %b, %b, %b, %b", v010FE080_0, v010FE760_0, v010FE028_0, v010FE0D8_0, v010FE340_0 {0 0};
    %end;
    .thread T_1;
# The file index is used to find the file name in the following table.
:file_names 4;
    "N/A";
    "<interactive>";
    "adder_tb.v";
    "adder.v";
