#! c:/iverilog/bin/vvp
:ivl_version "0.10.0 (devel)" "(s20130827)";
:ivl_delay_selection "TYPICAL";
:vpi_time_precision + 0;
:vpi_module "system";
:vpi_module "vhdl_sys";
:vpi_module "v2005_math";
:vpi_module "va_math";
S_00F8A388 .scope module, "cla_tb" "cla_tb" 2 1;
 .timescale 0 0;
v00FE9D90_0 .var "a", 7 0;
v00FEA050_0 .var "b", 7 0;
v00FE95A8_0 .var "cin", 0 0;
v00FE9BD8_0 .net "cout", 0 0, L_00FF4DE8;  1 drivers
v00FE99C8_0 .net "s", 7 0, L_00FF4C80;  1 drivers
S_00F8A458 .scope module, "dash" "cla" 2 10, 3 1 0, S_00F8A388;
 .timescale 0 0;
    .port_info 0 /INPUT 8 "a"
    .port_info 1 /INPUT 8 "b"
    .port_info 2 /INPUT 1 "cin"
    .port_info 3 /OUTPUT 8 "s"
    .port_info 4 /OUTPUT 1 "cout"
L_000D8410 .functor XOR 8, v00FE9D90_0, v00FEA050_0, C4<00000000>, C4<00000000>;
L_000D84B0 .functor AND 8, v00FE9D90_0, v00FEA050_0, C4<11111111>, C4<11111111>;
L_000D8318 .functor BUFZ 1, v00FE95A8_0, C4<0>, C4<0>, C4<0>;
L_000D8360 .functor AND 1, L_00FE9600, L_00FE9EF0, C4<1>, C4<1>;
L_000D2FE8 .functor OR 1, L_00FE9C30, L_000D8360, C4<0>, C4<0>;
L_000D3098 .functor AND 1, L_00FE96B0, L_00FE9FF8, C4<1>, C4<1>;
L_000D30E0 .functor OR 1, L_00FE9F48, L_000D3098, C4<0>, C4<0>;
L_00F816B8 .functor AND 1, L_00FE9B80, L_00FE97B8, C4<1>, C4<1>;
L_00F81700 .functor AND 1, L_00F816B8, L_00FE9DE8, C4<1>, C4<1>;
L_00F81748 .functor OR 1, L_000D30E0, L_00F81700, C4<0>, C4<0>;
L_00F81790 .functor AND 1, L_00FE9708, L_00FE9E40, C4<1>, C4<1>;
L_00FEBA00 .functor OR 1, L_00FE9658, L_00F81790, C4<0>, C4<0>;
L_00FEBA48 .functor AND 1, L_00FE9FA0, L_00FE9810, C4<1>, C4<1>;
L_00FEB658 .functor AND 1, L_00FEBA48, L_00FE9868, C4<1>, C4<1>;
L_00FEB808 .functor OR 1, L_00FEBA00, L_00FEB658, C4<0>, C4<0>;
L_00FEB2F8 .functor AND 1, L_00FE98C0, L_00FE9970, C4<1>, C4<1>;
L_00FEB850 .functor AND 1, L_00FEB2F8, L_00FE9760, C4<1>, C4<1>;
L_00FEB340 .functor AND 1, L_00FEB850, L_00FE9A78, C4<1>, C4<1>;
L_00FEB388 .functor OR 1, L_00FEB808, L_00FEB340, C4<0>, C4<0>;
L_00FEB928 .functor AND 1, L_00FE9E98, L_00FE9A20, C4<1>, C4<1>;
L_00FEB6A0 .functor OR 1, L_00FE9918, L_00FEB928, C4<0>, C4<0>;
L_00FEB2B0 .functor AND 1, L_00FE9C88, L_00FE9CE0, C4<1>, C4<1>;
L_00FEB8E0 .functor AND 1, L_00FEB2B0, L_00FE9D38, C4<1>, C4<1>;
L_00FEB7C0 .functor OR 1, L_00FEB6A0, L_00FEB8E0, C4<0>, C4<0>;
L_00FEB970 .functor AND 1, L_00FEA680, L_00FEA418, C4<1>, C4<1>;
L_00FEB9B8 .functor AND 1, L_00FEB970, L_00FEA940, C4<1>, C4<1>;
L_00FEB730 .functor AND 1, L_00FEB9B8, L_00FEA7E0, C4<1>, C4<1>;
L_00FEB898 .functor OR 1, L_00FEB7C0, L_00FEB730, C4<0>, C4<0>;
L_00FEB778 .functor AND 1, L_00FEA788, L_00FEA310, C4<1>, C4<1>;
L_00FEB3D0 .functor AND 1, L_00FEB778, L_00FEA208, C4<1>, C4<1>;
L_00FEB418 .functor AND 1, L_00FEB3D0, L_00FEA838, C4<1>, C4<1>;
L_00FEB460 .functor AND 1, L_00FEB418, L_00FEA3C0, C4<1>, C4<1>;
L_00FEB4A8 .functor OR 1, L_00FEB898, L_00FEB460, C4<0>, C4<0>;
L_00FEB4F0 .functor AND 1, L_00FEA368, L_00FEA578, C4<1>, C4<1>;
L_00FEB6E8 .functor OR 1, L_00FEA520, L_00FEB4F0, C4<0>, C4<0>;
L_00FEB538 .functor AND 1, L_00FEA470, L_00FEA998, C4<1>, C4<1>;
L_00FEB580 .functor AND 1, L_00FEB538, L_00FEA628, C4<1>, C4<1>;
L_00FEB5C8 .functor OR 1, L_00FEB6E8, L_00FEB580, C4<0>, C4<0>;
L_00FEB610 .functor AND 1, L_00FEA9F0, L_00FEA890, C4<1>, C4<1>;
L_00FED2F8 .functor AND 1, L_00FEB610, L_00FEA260, C4<1>, C4<1>;
L_00FECD10 .functor AND 1, L_00FED2F8, L_00FEA0A8, C4<1>, C4<1>;
L_00FED1D8 .functor OR 1, L_00FEB5C8, L_00FECD10, C4<0>, C4<0>;
L_00FED268 .functor AND 1, L_00FEA158, L_00FEA5D0, C4<1>, C4<1>;
L_00FED220 .functor AND 1, L_00FED268, L_00FEA1B0, C4<1>, C4<1>;
L_00FED0B8 .functor AND 1, L_00FED220, L_00FEA6D8, C4<1>, C4<1>;
L_00FED2B0 .functor AND 1, L_00FED0B8, L_00FEA8E8, C4<1>, C4<1>;
L_00FECD58 .functor OR 1, L_00FED1D8, L_00FED2B0, C4<0>, C4<0>;
L_00FECDA0 .functor AND 1, L_00FEA2B8, L_00FEA730, C4<1>, C4<1>;
L_00FED070 .functor AND 1, L_00FECDA0, L_00FEA4C8, C4<1>, C4<1>;
L_00FED340 .functor AND 1, L_00FED070, L_00FEA100, C4<1>, C4<1>;
L_00FECB60 .functor AND 1, L_00FED340, L_00FE8E70, C4<1>, C4<1>;
L_00FECF08 .functor AND 1, L_00FECB60, L_00FE8D68, C4<1>, C4<1>;
L_00FECB18 .functor OR 1, L_00FECD58, L_00FECF08, C4<0>, C4<0>;
L_00FED388 .functor AND 1, L_00FE91E0, L_00FE8CB8, C4<1>, C4<1>;
L_00FECDE8 .functor OR 1, L_00FE94F8, L_00FED388, C4<0>, C4<0>;
L_00FECE30 .functor AND 1, L_00FE9028, L_00FE9080, C4<1>, C4<1>;
L_00FECF98 .functor AND 1, L_00FECE30, L_00FE8DC0, C4<1>, C4<1>;
L_00FECAD0 .functor OR 1, L_00FECDE8, L_00FECF98, C4<0>, C4<0>;
L_00FECBA8 .functor AND 1, L_00FE8E18, L_00FE9130, C4<1>, C4<1>;
L_00FECBF0 .functor AND 1, L_00FECBA8, L_00FE8AA8, C4<1>, C4<1>;
L_00FECC38 .functor AND 1, L_00FECBF0, L_00FE8BB0, C4<1>, C4<1>;
L_00FECC80 .functor OR 1, L_00FECAD0, L_00FECC38, C4<0>, C4<0>;
L_00FECF50 .functor AND 1, L_00FE9448, L_00FE8D10, C4<1>, C4<1>;
L_00FED190 .functor AND 1, L_00FECF50, L_00FE90D8, C4<1>, C4<1>;
L_00FECEC0 .functor AND 1, L_00FED190, L_00FE9550, C4<1>, C4<1>;
L_00FECCC8 .functor AND 1, L_00FECEC0, L_00FE9188, C4<1>, C4<1>;
L_00FED100 .functor OR 1, L_00FECC80, L_00FECCC8, C4<0>, C4<0>;
L_00FECFE0 .functor AND 1, L_00FE8FD0, L_00FE9238, C4<1>, C4<1>;
L_00FECE78 .functor AND 1, L_00FECFE0, L_00FE9290, C4<1>, C4<1>;
L_00FED028 .functor AND 1, L_00FECE78, L_00FE8EC8, C4<1>, C4<1>;
L_00FED148 .functor AND 1, L_00FED028, L_00FE8B58, C4<1>, C4<1>;
L_00FEDA48 .functor AND 1, L_00FED148, L_00FE8F20, C4<1>, C4<1>;
L_00FED460 .functor OR 1, L_00FED100, L_00FEDA48, C4<0>, C4<0>;
L_00FED538 .functor AND 1, L_00FE8C08, L_00FE8F78, C4<1>, C4<1>;
L_00FED4F0 .functor AND 1, L_00FED538, L_00FE92E8, C4<1>, C4<1>;
L_00FED9B8 .functor AND 1, L_00FED4F0, L_00FE9340, C4<1>, C4<1>;
L_00FED580 .functor AND 1, L_00FED9B8, L_00FE8B00, C4<1>, C4<1>;
L_00FED3D0 .functor AND 1, L_00FED580, L_00FE9398, C4<1>, C4<1>;
L_00FEDA00 .functor AND 1, L_00FED3D0, L_00FE93F0, C4<1>, C4<1>;
L_00FED4A8 .functor OR 1, L_00FED460, L_00FEDA00, C4<0>, C4<0>;
L_00FED7C0 .functor AND 1, L_00FEFC00, L_00FEFC58, C4<1>, C4<1>;
L_00FED808 .functor OR 1, L_00FE8C60, L_00FED7C0, C4<0>, C4<0>;
L_00FED850 .functor AND 1, L_00FEFF70, L_00FEFAF8, C4<1>, C4<1>;
L_00FED418 .functor AND 1, L_00FED850, L_00FEF9F0, C4<1>, C4<1>;
L_00FED898 .functor OR 1, L_00FED808, L_00FED418, C4<0>, C4<0>;
L_00FED8E0 .functor AND 1, L_00FEFCB0, L_00FEFBA8, C4<1>, C4<1>;
L_00FED5C8 .functor AND 1, L_00FED8E0, L_00FEF940, C4<1>, C4<1>;
L_00FED730 .functor AND 1, L_00FED5C8, L_00FF0020, C4<1>, C4<1>;
L_00FED610 .functor OR 1, L_00FED898, L_00FED730, C4<0>, C4<0>;
L_00FED658 .functor AND 1, L_00FF0078, L_00FEF998, C4<1>, C4<1>;
L_00FED6A0 .functor AND 1, L_00FED658, L_00FEFD08, C4<1>, C4<1>;
L_00FED6E8 .functor AND 1, L_00FED6A0, L_00FEFEC0, C4<1>, C4<1>;
L_00FED778 .functor AND 1, L_00FED6E8, L_00FEFD60, C4<1>, C4<1>;
L_00FED928 .functor OR 1, L_00FED610, L_00FED778, C4<0>, C4<0>;
L_00FED970 .functor AND 1, L_00FF00D0, L_00FEFA48, C4<1>, C4<1>;
L_00FF2EB0 .functor AND 1, L_00FED970, L_00FEFF18, C4<1>, C4<1>;
L_00FF3018 .functor AND 1, L_00FF2EB0, L_00FEFDB8, C4<1>, C4<1>;
L_00FF3210 .functor AND 1, L_00FF3018, L_00FEFE68, C4<1>, C4<1>;
L_00FF2FD0 .functor AND 1, L_00FF3210, L_00FF0390, C4<1>, C4<1>;
L_00FF30A8 .functor OR 1, L_00FED928, L_00FF2FD0, C4<0>, C4<0>;
L_00FF30F0 .functor AND 1, L_00FF0128, L_00FF0180, C4<1>, C4<1>;
L_00FF3060 .functor AND 1, L_00FF30F0, L_00FF01D8, C4<1>, C4<1>;
L_00FF2D00 .functor AND 1, L_00FF3060, L_00FEFFC8, C4<1>, C4<1>;
L_00FF2D90 .functor AND 1, L_00FF2D00, L_00FEFE10, C4<1>, C4<1>;
L_00FF32E8 .functor AND 1, L_00FF2D90, L_00FEFAA0, C4<1>, C4<1>;
L_00FF2D48 .functor AND 1, L_00FF32E8, L_00FF0230, C4<1>, C4<1>;
L_00FF2E68 .functor OR 1, L_00FF30A8, L_00FF2D48, C4<0>, C4<0>;
L_00FF2F40 .functor AND 1, L_00FEFB50, L_00FF0288, C4<1>, C4<1>;
L_00FF2EF8 .functor AND 1, L_00FF2F40, L_00FF02E0, C4<1>, C4<1>;
L_00FF2DD8 .functor AND 1, L_00FF2EF8, L_00FF0338, C4<1>, C4<1>;
L_00FF3138 .functor AND 1, L_00FF2DD8, L_00FEF8E8, C4<1>, C4<1>;
L_00FF2E20 .functor AND 1, L_00FF3138, L_00FF0B78, C4<1>, C4<1>;
L_00FF2F88 .functor AND 1, L_00FF2E20, L_00FF0808, C4<1>, C4<1>;
L_00FF3180 .functor AND 1, L_00FF2F88, L_00FF0440, C4<1>, C4<1>;
L_00FF31C8 .functor OR 1, L_00FF2E68, L_00FF3180, C4<0>, C4<0>;
L_00FF3330 .functor AND 1, L_00FF0BD0, L_00FF0C80, C4<1>, C4<1>;
L_00FF3258 .functor OR 1, L_00FF0C28, L_00FF3330, C4<0>, C4<0>;
L_00FF32A0 .functor AND 1, L_00FF0968, L_00FF0700, C4<1>, C4<1>;
L_00FF3378 .functor AND 1, L_00FF32A0, L_00FF0A18, C4<1>, C4<1>;
L_00FF2BE0 .functor OR 1, L_00FF3258, L_00FF3378, C4<0>, C4<0>;
L_00FF2A78 .functor AND 1, L_00FF0758, L_00FF0498, C4<1>, C4<1>;
L_00FF2B08 .functor AND 1, L_00FF2A78, L_00FF0860, C4<1>, C4<1>;
L_00FF25B0 .functor AND 1, L_00FF2B08, L_00FF0CD8, C4<1>, C4<1>;
L_00FF25F8 .functor OR 1, L_00FF2BE0, L_00FF25B0, C4<0>, C4<0>;
L_00FF2568 .functor AND 1, L_00FF0A70, L_00FF06A8, C4<1>, C4<1>;
L_00FF26D0 .functor AND 1, L_00FF2568, L_00FF07B0, C4<1>, C4<1>;
L_00FF2880 .functor AND 1, L_00FF26D0, L_00FF0910, C4<1>, C4<1>;
L_00FF28C8 .functor AND 1, L_00FF2880, L_00FF03E8, C4<1>, C4<1>;
L_00FF2958 .functor OR 1, L_00FF25F8, L_00FF28C8, C4<0>, C4<0>;
L_00FF2C28 .functor AND 1, L_00FF09C0, L_00FF04F0, C4<1>, C4<1>;
L_00FF2B50 .functor AND 1, L_00FF2C28, L_00FF05F8, C4<1>, C4<1>;
L_00FF2640 .functor AND 1, L_00FF2B50, L_00FF0548, C4<1>, C4<1>;
L_00FF2838 .functor AND 1, L_00FF2640, L_00FF08B8, C4<1>, C4<1>;
L_00FF2AC0 .functor AND 1, L_00FF2838, L_00FF0AC8, C4<1>, C4<1>;
L_00FF2CB8 .functor OR 1, L_00FF2958, L_00FF2AC0, C4<0>, C4<0>;
L_00FF2400 .functor AND 1, L_00FF0D30, L_00FF0B20, C4<1>, C4<1>;
L_00FF2910 .functor AND 1, L_00FF2400, L_00FF05A0, C4<1>, C4<1>;
L_00FF27F0 .functor AND 1, L_00FF2910, L_00FF0650, C4<1>, C4<1>;
L_00FF2448 .functor AND 1, L_00FF27F0, L_00FEF368, C4<1>, C4<1>;
L_00FF2490 .functor AND 1, L_00FF2448, L_00FEF1B0, C4<1>, C4<1>;
L_00FF2B98 .functor AND 1, L_00FF2490, L_00FEEE98, C4<1>, C4<1>;
L_00FF2718 .functor OR 1, L_00FF2CB8, L_00FF2B98, C4<0>, C4<0>;
L_00FF2C70 .functor AND 1, L_00FEF890, L_00FEEEF0, C4<1>, C4<1>;
L_00FF2688 .functor AND 1, L_00FF2C70, L_00FEF208, C4<1>, C4<1>;
L_00FF2760 .functor AND 1, L_00FF2688, L_00FEF470, C4<1>, C4<1>;
L_00FF24D8 .functor AND 1, L_00FF2760, L_00FEF680, C4<1>, C4<1>;
L_00FF27A8 .functor AND 1, L_00FF24D8, L_00FEEDE8, C4<1>, C4<1>;
L_00FF2520 .functor AND 1, L_00FF27A8, L_00FEF6D8, C4<1>, C4<1>;
L_00FF29A0 .functor AND 1, L_00FF2520, L_00FEF2B8, C4<1>, C4<1>;
L_00FF29E8 .functor OR 1, L_00FF2718, L_00FF29A0, C4<0>, C4<0>;
L_00FF2A30 .functor AND 1, L_00FEF418, L_00FEF4C8, C4<1>, C4<1>;
L_00FF4E30 .functor AND 1, L_00FF2A30, L_00FEF730, C4<1>, C4<1>;
L_00FF49B0 .functor AND 1, L_00FF4E30, L_00FEF520, C4<1>, C4<1>;
L_00FF4A88 .functor AND 1, L_00FF49B0, L_00FEF158, C4<1>, C4<1>;
L_00FF4D10 .functor AND 1, L_00FF4A88, L_00FEF578, C4<1>, C4<1>;
L_00FF4920 .functor AND 1, L_00FF4D10, L_00FEF788, C4<1>, C4<1>;
L_00FF4D58 .functor AND 1, L_00FF4920, L_00FEEF48, C4<1>, C4<1>;
L_00FF4DA0 .functor AND 1, L_00FF4D58, L_00FEF310, C4<1>, C4<1>;
L_00FF4DE8 .functor OR 1, L_00FF29E8, L_00FF4DA0, C4<0>, C4<0>;
L_00FF4C80 .functor XOR 8, L_000D8410, L_00FE94A0, C4<00000000>, C4<00000000>;
v00FA6C08_0 .net *"_s100", 0 0, L_00FEB2B0;  1 drivers
v00FA6DC0_0 .net *"_s103", 0 0, L_00FE9D38;  1 drivers
v00FA6F20_0 .net *"_s104", 0 0, L_00FEB8E0;  1 drivers
v00FA6688_0 .net *"_s106", 0 0, L_00FEB7C0;  1 drivers
v00FE0960_0 .net *"_s109", 0 0, L_00FEA680;  1 drivers
v00FE0B70_0 .net *"_s11", 0 0, L_00FE9C30;  1 drivers
v00FE0DD8_0 .net *"_s111", 0 0, L_00FEA418;  1 drivers
v00FE0AC0_0 .net *"_s112", 0 0, L_00FEB970;  1 drivers
v00FE09B8_0 .net *"_s115", 0 0, L_00FEA940;  1 drivers
v00FE0A10_0 .net *"_s116", 0 0, L_00FEB9B8;  1 drivers
v00FE0A68_0 .net *"_s119", 0 0, L_00FEA7E0;  1 drivers
v00FE0B18_0 .net *"_s120", 0 0, L_00FEB730;  1 drivers
v00FE0C78_0 .net *"_s122", 0 0, L_00FEB898;  1 drivers
v00FE0D28_0 .net *"_s125", 0 0, L_00FEA788;  1 drivers
v00FE0D80_0 .net *"_s127", 0 0, L_00FEA310;  1 drivers
v00FE0C20_0 .net *"_s128", 0 0, L_00FEB778;  1 drivers
v00FE0BC8_0 .net *"_s13", 0 0, L_00FE9600;  1 drivers
v00FE0CD0_0 .net *"_s131", 0 0, L_00FEA208;  1 drivers
v00FE0750_0 .net *"_s132", 0 0, L_00FEB3D0;  1 drivers
v00FE07A8_0 .net *"_s135", 0 0, L_00FEA838;  1 drivers
v00FE00C8_0 .net *"_s136", 0 0, L_00FEB418;  1 drivers
v00FE0490_0 .net *"_s139", 0 0, L_00FEA3C0;  1 drivers
v00FDFEB8_0 .net *"_s140", 0 0, L_00FEB460;  1 drivers
v00FDFF10_0 .net *"_s142", 0 0, L_00FEB4A8;  1 drivers
v00FE0800_0 .net *"_s147", 0 0, L_00FEA520;  1 drivers
v00FDFF68_0 .net *"_s149", 0 0, L_00FEA368;  1 drivers
v00FDFFC0_0 .net *"_s15", 0 0, L_00FE9EF0;  1 drivers
v00FE06F8_0 .net *"_s151", 0 0, L_00FEA578;  1 drivers
v00FDFE60_0 .net *"_s152", 0 0, L_00FEB4F0;  1 drivers
v00FE0598_0 .net *"_s154", 0 0, L_00FEB6E8;  1 drivers
v00FE0908_0 .net *"_s157", 0 0, L_00FEA470;  1 drivers
v00FE0018_0 .net *"_s159", 0 0, L_00FEA998;  1 drivers
v00FE0070_0 .net *"_s16", 0 0, L_000D8360;  1 drivers
v00FE0120_0 .net *"_s160", 0 0, L_00FEB538;  1 drivers
v00FE0280_0 .net *"_s163", 0 0, L_00FEA628;  1 drivers
v00FE0858_0 .net *"_s164", 0 0, L_00FEB580;  1 drivers
v00FE01D0_0 .net *"_s166", 0 0, L_00FEB5C8;  1 drivers
v00FE04E8_0 .net *"_s169", 0 0, L_00FEA9F0;  1 drivers
v00FE0178_0 .net *"_s171", 0 0, L_00FEA890;  1 drivers
v00FE0648_0 .net *"_s172", 0 0, L_00FEB610;  1 drivers
v00FE0228_0 .net *"_s175", 0 0, L_00FEA260;  1 drivers
v00FE02D8_0 .net *"_s176", 0 0, L_00FED2F8;  1 drivers
v00FE05F0_0 .net *"_s179", 0 0, L_00FEA0A8;  1 drivers
v00FE0330_0 .net *"_s18", 0 0, L_000D2FE8;  1 drivers
v00FE0388_0 .net *"_s180", 0 0, L_00FECD10;  1 drivers
v00FE03E0_0 .net *"_s182", 0 0, L_00FED1D8;  1 drivers
v00FE08B0_0 .net *"_s185", 0 0, L_00FEA158;  1 drivers
v00FE0438_0 .net *"_s187", 0 0, L_00FEA5D0;  1 drivers
v00FE0540_0 .net *"_s188", 0 0, L_00FED268;  1 drivers
v00FE06A0_0 .net *"_s191", 0 0, L_00FEA1B0;  1 drivers
v00FE1758_0 .net *"_s192", 0 0, L_00FED220;  1 drivers
v00FE15A0_0 .net *"_s195", 0 0, L_00FEA6D8;  1 drivers
v00FE0FC8_0 .net *"_s196", 0 0, L_00FED0B8;  1 drivers
v00FE1910_0 .net *"_s199", 0 0, L_00FEA8E8;  1 drivers
v00FE13E8_0 .net *"_s200", 0 0, L_00FED2B0;  1 drivers
v00FE18B8_0 .net *"_s202", 0 0, L_00FECD58;  1 drivers
v00FE1548_0 .net *"_s205", 0 0, L_00FEA2B8;  1 drivers
v00FE1230_0 .net *"_s207", 0 0, L_00FEA730;  1 drivers
v00FE0EC0_0 .net *"_s208", 0 0, L_00FECDA0;  1 drivers
v00FE14F0_0 .net *"_s211", 0 0, L_00FEA4C8;  1 drivers
v00FE17B0_0 .net *"_s212", 0 0, L_00FED070;  1 drivers
v00FE1180_0 .net *"_s215", 0 0, L_00FEA100;  1 drivers
v00FE1440_0 .net *"_s216", 0 0, L_00FED340;  1 drivers
v00FE1808_0 .net *"_s219", 0 0, L_00FE8E70;  1 drivers
v00FE0E68_0 .net *"_s220", 0 0, L_00FECB60;  1 drivers
v00FE15F8_0 .net *"_s223", 0 0, L_00FE8D68;  1 drivers
v00FE1128_0 .net *"_s224", 0 0, L_00FECF08;  1 drivers
v00FE11D8_0 .net *"_s226", 0 0, L_00FECB18;  1 drivers
v00FE16A8_0 .net *"_s23", 0 0, L_00FE9F48;  1 drivers
v00FE1700_0 .net *"_s231", 0 0, L_00FE94F8;  1 drivers
v00FE12E0_0 .net *"_s233", 0 0, L_00FE91E0;  1 drivers
v00FE1078_0 .net *"_s235", 0 0, L_00FE8CB8;  1 drivers
v00FE1390_0 .net *"_s236", 0 0, L_00FED388;  1 drivers
v00FE1650_0 .net *"_s238", 0 0, L_00FECDE8;  1 drivers
v00FE1498_0 .net *"_s241", 0 0, L_00FE9028;  1 drivers
v00FE10D0_0 .net *"_s243", 0 0, L_00FE9080;  1 drivers
v00FE1020_0 .net *"_s244", 0 0, L_00FECE30;  1 drivers
v00FE1860_0 .net *"_s247", 0 0, L_00FE8DC0;  1 drivers
v00FE0F18_0 .net *"_s248", 0 0, L_00FECF98;  1 drivers
v00FE0F70_0 .net *"_s25", 0 0, L_00FE96B0;  1 drivers
v00FE1288_0 .net *"_s250", 0 0, L_00FECAD0;  1 drivers
v00FE1338_0 .net *"_s253", 0 0, L_00FE8E18;  1 drivers
v00FE1B78_0 .net *"_s255", 0 0, L_00FE9130;  1 drivers
v00FE1C28_0 .net *"_s256", 0 0, L_00FECBA8;  1 drivers
v00FE1C80_0 .net *"_s259", 0 0, L_00FE8AA8;  1 drivers
v00FE1968_0 .net *"_s260", 0 0, L_00FECBF0;  1 drivers
v00FE1D88_0 .net *"_s263", 0 0, L_00FE8BB0;  1 drivers
v00FE1CD8_0 .net *"_s264", 0 0, L_00FECC38;  1 drivers
v00FE1D30_0 .net *"_s266", 0 0, L_00FECC80;  1 drivers
v00FE1BD0_0 .net *"_s269", 0 0, L_00FE9448;  1 drivers
v00FE1DE0_0 .net *"_s27", 0 0, L_00FE9FF8;  1 drivers
v00FE1AC8_0 .net *"_s271", 0 0, L_00FE8D10;  1 drivers
v00FE19C0_0 .net *"_s272", 0 0, L_00FECF50;  1 drivers
v00FE1A18_0 .net *"_s275", 0 0, L_00FE90D8;  1 drivers
v00FE1A70_0 .net *"_s276", 0 0, L_00FED190;  1 drivers
v00FE1B20_0 .net *"_s279", 0 0, L_00FE9550;  1 drivers
v00FE30E0_0 .net *"_s28", 0 0, L_000D3098;  1 drivers
v00FE2FD8_0 .net *"_s280", 0 0, L_00FECEC0;  1 drivers
v00FE3920_0 .net *"_s283", 0 0, L_00FE9188;  1 drivers
v00FE2E78_0 .net *"_s284", 0 0, L_00FECCC8;  1 drivers
v00FE3450_0 .net *"_s286", 0 0, L_00FED100;  1 drivers
v00FE3088_0 .net *"_s289", 0 0, L_00FE8FD0;  1 drivers
v00FE33A0_0 .net *"_s291", 0 0, L_00FE9238;  1 drivers
v00FE32F0_0 .net *"_s292", 0 0, L_00FECFE0;  1 drivers
v00FE33F8_0 .net *"_s295", 0 0, L_00FE9290;  1 drivers
v00FE34A8_0 .net *"_s296", 0 0, L_00FECE78;  1 drivers
v00FE36B8_0 .net *"_s299", 0 0, L_00FE8EC8;  1 drivers
v00FE3348_0 .net *"_s30", 0 0, L_000D30E0;  1 drivers
v00FE37C0_0 .net *"_s300", 0 0, L_00FED028;  1 drivers
v00FE3608_0 .net *"_s303", 0 0, L_00FE8B58;  1 drivers
v00FE3768_0 .net *"_s304", 0 0, L_00FED148;  1 drivers
v00FE3500_0 .net *"_s307", 0 0, L_00FE8F20;  1 drivers
v00FE3138_0 .net *"_s308", 0 0, L_00FEDA48;  1 drivers
v00FE3818_0 .net *"_s310", 0 0, L_00FED460;  1 drivers
v00FE2F80_0 .net *"_s313", 0 0, L_00FE8C08;  1 drivers
v00FE3870_0 .net *"_s315", 0 0, L_00FE8F78;  1 drivers
v00FE3240_0 .net *"_s316", 0 0, L_00FED538;  1 drivers
v00FE2F28_0 .net *"_s319", 0 0, L_00FE92E8;  1 drivers
v00FE3030_0 .net *"_s320", 0 0, L_00FED4F0;  1 drivers
v00FE3558_0 .net *"_s323", 0 0, L_00FE9340;  1 drivers
v00FE35B0_0 .net *"_s324", 0 0, L_00FED9B8;  1 drivers
v00FE3190_0 .net *"_s327", 0 0, L_00FE8B00;  1 drivers
v00FE3660_0 .net *"_s328", 0 0, L_00FED580;  1 drivers
v00FE3710_0 .net *"_s33", 0 0, L_00FE9B80;  1 drivers
v00FE38C8_0 .net *"_s331", 0 0, L_00FE9398;  1 drivers
v00FE2ED0_0 .net *"_s332", 0 0, L_00FED3D0;  1 drivers
v00FE31E8_0 .net *"_s335", 0 0, L_00FE93F0;  1 drivers
v00FE3298_0 .net *"_s336", 0 0, L_00FEDA00;  1 drivers
v00FE3A80_0 .net *"_s338", 0 0, L_00FED4A8;  1 drivers
v00FE3C90_0 .net *"_s344", 0 0, L_00FE8C60;  1 drivers
v00FE3C38_0 .net *"_s346", 0 0, L_00FEFC00;  1 drivers
v00FE3D40_0 .net *"_s348", 0 0, L_00FEFC58;  1 drivers
v00FE3DF0_0 .net *"_s349", 0 0, L_00FED7C0;  1 drivers
v00FE39D0_0 .net *"_s35", 0 0, L_00FE97B8;  1 drivers
v00FE3D98_0 .net *"_s351", 0 0, L_00FED808;  1 drivers
v00FE3CE8_0 .net *"_s354", 0 0, L_00FEFF70;  1 drivers
v00FE3A28_0 .net *"_s356", 0 0, L_00FEFAF8;  1 drivers
v00FE3978_0 .net *"_s357", 0 0, L_00FED850;  1 drivers
v00FE3AD8_0 .net *"_s36", 0 0, L_00F816B8;  1 drivers
v00FE3B30_0 .net *"_s360", 0 0, L_00FEF9F0;  1 drivers
v00FE3B88_0 .net *"_s361", 0 0, L_00FED418;  1 drivers
v00FE3BE0_0 .net *"_s363", 0 0, L_00FED898;  1 drivers
v00FE4C80_0 .net *"_s366", 0 0, L_00FEFCB0;  1 drivers
v00FE4CD8_0 .net *"_s368", 0 0, L_00FEFBA8;  1 drivers
v00FE4440_0 .net *"_s369", 0 0, L_00FED8E0;  1 drivers
v00FE4910_0 .net *"_s372", 0 0, L_00FEF940;  1 drivers
v00FE4498_0 .net *"_s373", 0 0, L_00FED5C8;  1 drivers
v00FE4968_0 .net *"_s376", 0 0, L_00FF0020;  1 drivers
v00FE4C28_0 .net *"_s377", 0 0, L_00FED730;  1 drivers
v00FE43E8_0 .net *"_s379", 0 0, L_00FED610;  1 drivers
v00FE4390_0 .net *"_s382", 0 0, L_00FF0078;  1 drivers
v00FE4AC8_0 .net *"_s384", 0 0, L_00FEF998;  1 drivers
v00FE4A70_0 .net *"_s385", 0 0, L_00FED658;  1 drivers
v00FE4758_0 .net *"_s388", 0 0, L_00FEFD08;  1 drivers
v00FE44F0_0 .net *"_s389", 0 0, L_00FED6A0;  1 drivers
v00FE4860_0 .net *"_s39", 0 0, L_00FE9DE8;  1 drivers
v00FE47B0_0 .net *"_s392", 0 0, L_00FEFEC0;  1 drivers
v00FE45F8_0 .net *"_s393", 0 0, L_00FED6E8;  1 drivers
v00FE4548_0 .net *"_s396", 0 0, L_00FEFD60;  1 drivers
v00FE4D30_0 .net *"_s397", 0 0, L_00FED778;  1 drivers
v00FE42E0_0 .net *"_s399", 0 0, L_00FED928;  1 drivers
v00FE45A0_0 .net *"_s40", 0 0, L_00F81700;  1 drivers
v00FE4288_0 .net *"_s402", 0 0, L_00FF00D0;  1 drivers
v00FE4A18_0 .net *"_s404", 0 0, L_00FEFA48;  1 drivers
v00FE4650_0 .net *"_s405", 0 0, L_00FED970;  1 drivers
v00FE46A8_0 .net *"_s408", 0 0, L_00FEFF18;  1 drivers
v00FE4B20_0 .net *"_s409", 0 0, L_00FF2EB0;  1 drivers
v00FE4700_0 .net *"_s412", 0 0, L_00FEFDB8;  1 drivers
v00FE4808_0 .net *"_s413", 0 0, L_00FF3018;  1 drivers
v00FE4338_0 .net *"_s416", 0 0, L_00FEFE68;  1 drivers
v00FE4B78_0 .net *"_s417", 0 0, L_00FF3210;  1 drivers
v00FE49C0_0 .net *"_s42", 0 0, L_00F81748;  1 drivers
v00FE4BD0_0 .net *"_s420", 0 0, L_00FF0390;  1 drivers
v00FE48B8_0 .net *"_s421", 0 0, L_00FF2FD0;  1 drivers
v00FE51A8_0 .net *"_s423", 0 0, L_00FF30A8;  1 drivers
v00FE4E90_0 .net *"_s426", 0 0, L_00FF0128;  1 drivers
v00FE5200_0 .net *"_s428", 0 0, L_00FF0180;  1 drivers
v00FE4D88_0 .net *"_s429", 0 0, L_00FF30F0;  1 drivers
v00FE4DE0_0 .net *"_s432", 0 0, L_00FF01D8;  1 drivers
v00FE5048_0 .net *"_s433", 0 0, L_00FF3060;  1 drivers
v00FE4FF0_0 .net *"_s436", 0 0, L_00FEFFC8;  1 drivers
v00FE4E38_0 .net *"_s437", 0 0, L_00FF2D00;  1 drivers
v00FE50A0_0 .net *"_s440", 0 0, L_00FEFE10;  1 drivers
v00FE4F40_0 .net *"_s441", 0 0, L_00FF2D90;  1 drivers
v00FE4EE8_0 .net *"_s444", 0 0, L_00FEFAA0;  1 drivers
v00FE4F98_0 .net *"_s445", 0 0, L_00FF32E8;  1 drivers
v00FE50F8_0 .net *"_s448", 0 0, L_00FF0230;  1 drivers
v00FE5150_0 .net *"_s449", 0 0, L_00FF2D48;  1 drivers
v00FE5E98_0 .net *"_s451", 0 0, L_00FF2E68;  1 drivers
v00FE5FF8_0 .net *"_s454", 0 0, L_00FEFB50;  1 drivers
v00FE6100_0 .net *"_s456", 0 0, L_00FF0288;  1 drivers
v00FE5FA0_0 .net *"_s457", 0 0, L_00FF2F40;  1 drivers
v00FE6158_0 .net *"_s460", 0 0, L_00FF02E0;  1 drivers
v00FE60A8_0 .net *"_s461", 0 0, L_00FF2EF8;  1 drivers
v00FE61B0_0 .net *"_s464", 0 0, L_00FF0338;  1 drivers
v00FE6050_0 .net *"_s465", 0 0, L_00FF2DD8;  1 drivers
v00FE5EF0_0 .net *"_s468", 0 0, L_00FEF8E8;  1 drivers
v00FE6208_0 .net *"_s469", 0 0, L_00FF3138;  1 drivers
v00FE5DE8_0 .net *"_s47", 0 0, L_00FE9658;  1 drivers
v00FE5D90_0 .net *"_s472", 0 0, L_00FF0B78;  1 drivers
v00FE5E40_0 .net *"_s473", 0 0, L_00FF2E20;  1 drivers
v00FE5F48_0 .net *"_s476", 0 0, L_00FF0808;  1 drivers
v00FE5340_0 .net *"_s477", 0 0, L_00FF2F88;  1 drivers
v00FE5970_0 .net *"_s480", 0 0, L_00FF0440;  1 drivers
v00FE5760_0 .net *"_s481", 0 0, L_00FF3180;  1 drivers
v00FE54A0_0 .net *"_s483", 0 0, L_00FF31C8;  1 drivers
v00FE5868_0 .net *"_s486", 0 0, L_00FF0C28;  1 drivers
v00FE5A20_0 .net *"_s488", 0 0, L_00FF0BD0;  1 drivers
v00FE5C30_0 .net *"_s49", 0 0, L_00FE9708;  1 drivers
v00FE57B8_0 .net *"_s490", 0 0, L_00FF0C80;  1 drivers
v00FE5448_0 .net *"_s491", 0 0, L_00FF3330;  1 drivers
v00FE5A78_0 .net *"_s493", 0 0, L_00FF3258;  1 drivers
v00FE5550_0 .net *"_s496", 0 0, L_00FF0968;  1 drivers
v00FE5AD0_0 .net *"_s498", 0 0, L_00FF0700;  1 drivers
v00FE5918_0 .net *"_s499", 0 0, L_00FF32A0;  1 drivers
v00FE5B80_0 .net *"_s502", 0 0, L_00FF0A18;  1 drivers
v00FE5CE0_0 .net *"_s503", 0 0, L_00FF3378;  1 drivers
v00FE5398_0 .net *"_s505", 0 0, L_00FF2BE0;  1 drivers
v00FE5BD8_0 .net *"_s508", 0 0, L_00FF0758;  1 drivers
v00FE59C8_0 .net *"_s51", 0 0, L_00FE9E40;  1 drivers
v00FE53F0_0 .net *"_s510", 0 0, L_00FF0498;  1 drivers
v00FE5D38_0 .net *"_s511", 0 0, L_00FF2A78;  1 drivers
v00FE5810_0 .net *"_s514", 0 0, L_00FF0860;  1 drivers
v00FE5290_0 .net *"_s515", 0 0, L_00FF2B08;  1 drivers
v00FE5B28_0 .net *"_s518", 0 0, L_00FF0CD8;  1 drivers
v00FE5658_0 .net *"_s519", 0 0, L_00FF25B0;  1 drivers
v00FE52E8_0 .net *"_s52", 0 0, L_00F81790;  1 drivers
v00FE58C0_0 .net *"_s521", 0 0, L_00FF25F8;  1 drivers
v00FE56B0_0 .net *"_s524", 0 0, L_00FF0A70;  1 drivers
v00FE55A8_0 .net *"_s526", 0 0, L_00FF06A8;  1 drivers
v00FE5C88_0 .net *"_s527", 0 0, L_00FF2568;  1 drivers
v00FE54F8_0 .net *"_s530", 0 0, L_00FF07B0;  1 drivers
v00FE5600_0 .net *"_s531", 0 0, L_00FF26D0;  1 drivers
v00FE5708_0 .net *"_s534", 0 0, L_00FF0910;  1 drivers
v00FE6C90_0 .net *"_s535", 0 0, L_00FF2880;  1 drivers
v00FE6BE0_0 .net *"_s538", 0 0, L_00FF03E8;  1 drivers
v00FE6CE8_0 .net *"_s539", 0 0, L_00FF28C8;  1 drivers
v00FE6768_0 .net *"_s54", 0 0, L_00FEBA00;  1 drivers
v00FE6500_0 .net *"_s541", 0 0, L_00FF2958;  1 drivers
v00FE6870_0 .net *"_s544", 0 0, L_00FF09C0;  1 drivers
v00FE67C0_0 .net *"_s546", 0 0, L_00FF04F0;  1 drivers
v00FE6608_0 .net *"_s547", 0 0, L_00FF2C28;  1 drivers
v00FE6450_0 .net *"_s550", 0 0, L_00FF05F8;  1 drivers
v00FE6D40_0 .net *"_s551", 0 0, L_00FF2B50;  1 drivers
v00FE62F0_0 .net *"_s554", 0 0, L_00FF0548;  1 drivers
v00FE63F8_0 .net *"_s555", 0 0, L_00FF2640;  1 drivers
v00FE6298_0 .net *"_s558", 0 0, L_00FF08B8;  1 drivers
v00FE6A28_0 .net *"_s559", 0 0, L_00FF2838;  1 drivers
v00FE6660_0 .net *"_s562", 0 0, L_00FF0AC8;  1 drivers
v00FE66B8_0 .net *"_s563", 0 0, L_00FF2AC0;  1 drivers
v00FE6A80_0 .net *"_s565", 0 0, L_00FF2CB8;  1 drivers
v00FE63A0_0 .net *"_s568", 0 0, L_00FF0D30;  1 drivers
v00FE6818_0 .net *"_s57", 0 0, L_00FE9FA0;  1 drivers
v00FE6348_0 .net *"_s570", 0 0, L_00FF0B20;  1 drivers
v00FE6B88_0 .net *"_s571", 0 0, L_00FF2400;  1 drivers
v00FE6920_0 .net *"_s574", 0 0, L_00FF05A0;  1 drivers
v00FE6978_0 .net *"_s575", 0 0, L_00FF2910;  1 drivers
v00FE6710_0 .net *"_s578", 0 0, L_00FF0650;  1 drivers
v00FE64A8_0 .net *"_s579", 0 0, L_00FF27F0;  1 drivers
v00FE6558_0 .net *"_s582", 0 0, L_00FEF368;  1 drivers
v00FE65B0_0 .net *"_s583", 0 0, L_00FF2448;  1 drivers
v00FE68C8_0 .net *"_s586", 0 0, L_00FEF1B0;  1 drivers
v00FE6C38_0 .net *"_s587", 0 0, L_00FF2490;  1 drivers
v00FE69D0_0 .net *"_s59", 0 0, L_00FE9810;  1 drivers
v00FE6AD8_0 .net *"_s590", 0 0, L_00FEEE98;  1 drivers
v00FE6B30_0 .net *"_s591", 0 0, L_00FF2B98;  1 drivers
v00FE7160_0 .net *"_s593", 0 0, L_00FF2718;  1 drivers
v00FE6EF8_0 .net *"_s596", 0 0, L_00FEF890;  1 drivers
v00FE7688_0 .net *"_s598", 0 0, L_00FEEEF0;  1 drivers
v00FE7790_0 .net *"_s599", 0 0, L_00FF2C70;  1 drivers
v00FE76E0_0 .net *"_s60", 0 0, L_00FEBA48;  1 drivers
v00FE6D98_0 .net *"_s602", 0 0, L_00FEF208;  1 drivers
v00FE7420_0 .net *"_s603", 0 0, L_00FF2688;  1 drivers
v00FE7318_0 .net *"_s606", 0 0, L_00FEF470;  1 drivers
v00FE6DF0_0 .net *"_s607", 0 0, L_00FF2760;  1 drivers
v00FE6E48_0 .net *"_s610", 0 0, L_00FEF680;  1 drivers
v00FE7738_0 .net *"_s611", 0 0, L_00FF24D8;  1 drivers
v00FE6EA0_0 .net *"_s614", 0 0, L_00FEEDE8;  1 drivers
v00FE6F50_0 .net *"_s615", 0 0, L_00FF27A8;  1 drivers
v00FE7630_0 .net *"_s618", 0 0, L_00FEF6D8;  1 drivers
v00FE6FA8_0 .net *"_s619", 0 0, L_00FF2520;  1 drivers
v00FE74D0_0 .net *"_s622", 0 0, L_00FEF2B8;  1 drivers
v00FE7840_0 .net *"_s623", 0 0, L_00FF29A0;  1 drivers
v00FE7000_0 .net *"_s625", 0 0, L_00FF29E8;  1 drivers
v00FE7058_0 .net *"_s628", 0 0, L_00FEF418;  1 drivers
v00FE70B0_0 .net *"_s63", 0 0, L_00FE9868;  1 drivers
v00FE71B8_0 .net *"_s630", 0 0, L_00FEF4C8;  1 drivers
v00FE77E8_0 .net *"_s631", 0 0, L_00FF2A30;  1 drivers
v00FE7108_0 .net *"_s634", 0 0, L_00FEF730;  1 drivers
v00FE7478_0 .net *"_s635", 0 0, L_00FF4E30;  1 drivers
v00FE7210_0 .net *"_s638", 0 0, L_00FEF520;  1 drivers
v00FE7580_0 .net *"_s639", 0 0, L_00FF49B0;  1 drivers
v00FE7268_0 .net *"_s64", 0 0, L_00FEB658;  1 drivers
v00FE72C0_0 .net *"_s642", 0 0, L_00FEF158;  1 drivers
v00FE7528_0 .net *"_s643", 0 0, L_00FF4A88;  1 drivers
v00FE7370_0 .net *"_s646", 0 0, L_00FEF578;  1 drivers
v00FE73C8_0 .net *"_s647", 0 0, L_00FF4D10;  1 drivers
v00FE75D8_0 .net *"_s650", 0 0, L_00FEF788;  1 drivers
v00FE7FD0_0 .net *"_s651", 0 0, L_00FF4920;  1 drivers
v00FE78F0_0 .net *"_s654", 0 0, L_00FEEF48;  1 drivers
v00FE7948_0 .net *"_s655", 0 0, L_00FF4D58;  1 drivers
v00FE7D68_0 .net *"_s658", 0 0, L_00FEF310;  1 drivers
v00FE7A50_0 .net *"_s659", 0 0, L_00FF4DA0;  1 drivers
v00FE8028_0 .net *"_s66", 0 0, L_00FEB808;  1 drivers
v00FE8080_0 .net *"_s69", 0 0, L_00FE98C0;  1 drivers
v00FE79F8_0 .net *"_s7", 0 0, L_000D8318;  1 drivers
v00FE7DC0_0 .net *"_s71", 0 0, L_00FE9970;  1 drivers
v00FE7D10_0 .net *"_s72", 0 0, L_00FEB2F8;  1 drivers
v00FE81E0_0 .net *"_s75", 0 0, L_00FE9760;  1 drivers
v00FE7F20_0 .net *"_s76", 0 0, L_00FEB850;  1 drivers
v00FE7E18_0 .net *"_s79", 0 0, L_00FE9A78;  1 drivers
v00FE80D8_0 .net *"_s80", 0 0, L_00FEB340;  1 drivers
v00FE8130_0 .net *"_s82", 0 0, L_00FEB388;  1 drivers
v00FE7EC8_0 .net *"_s87", 0 0, L_00FE9918;  1 drivers
v00FE7AA8_0 .net *"_s89", 0 0, L_00FE9E98;  1 drivers
v00FE79A0_0 .net *"_s91", 0 0, L_00FE9A20;  1 drivers
v00FE7E70_0 .net *"_s92", 0 0, L_00FEB928;  1 drivers
v00FE7C08_0 .net *"_s94", 0 0, L_00FEB6A0;  1 drivers
v00FE8188_0 .net *"_s97", 0 0, L_00FE9C88;  1 drivers
v00FE7B00_0 .net *"_s99", 0 0, L_00FE9CE0;  1 drivers
v00FE7F78_0 .net "a", 7 0, v00FE9D90_0;  1 drivers
v00FE7898_0 .net "b", 7 0, v00FEA050_0;  1 drivers
v00FE7B58_0 .net "c", 7 0, L_00FE94A0;  1 drivers
v00FE7BB0_0 .net "cin", 0 0, v00FE95A8_0;  1 drivers
v00FE7C60_0 .net "cout", 0 0, L_00FF4DE8;  alias, 1 drivers
v00FE7CB8_0 .net "g", 7 0, L_000D84B0;  1 drivers
v00FE9B28_0 .net "p", 7 0, L_000D8410;  1 drivers
v00FE9AD0_0 .net "s", 7 0, L_00FF4C80;  alias, 1 drivers
L_00FE9C30 .part L_000D84B0, 0, 1;
L_00FE9600 .part L_000D8410, 0, 1;
L_00FE9EF0 .part L_00FE94A0, 0, 1;
L_00FE9F48 .part L_000D84B0, 1, 1;
L_00FE96B0 .part L_000D8410, 1, 1;
L_00FE9FF8 .part L_000D84B0, 0, 1;
L_00FE9B80 .part L_000D8410, 1, 1;
L_00FE97B8 .part L_000D8410, 0, 1;
L_00FE9DE8 .part L_00FE94A0, 0, 1;
L_00FE9658 .part L_000D84B0, 2, 1;
L_00FE9708 .part L_000D8410, 2, 1;
L_00FE9E40 .part L_000D84B0, 1, 1;
L_00FE9FA0 .part L_000D8410, 2, 1;
L_00FE9810 .part L_000D8410, 1, 1;
L_00FE9868 .part L_000D84B0, 0, 1;
L_00FE98C0 .part L_000D8410, 2, 1;
L_00FE9970 .part L_000D8410, 1, 1;
L_00FE9760 .part L_000D8410, 0, 1;
L_00FE9A78 .part L_00FE94A0, 0, 1;
L_00FE9918 .part L_000D84B0, 3, 1;
L_00FE9E98 .part L_000D8410, 3, 1;
L_00FE9A20 .part L_000D84B0, 2, 1;
L_00FE9C88 .part L_000D8410, 3, 1;
L_00FE9CE0 .part L_000D8410, 2, 1;
L_00FE9D38 .part L_000D84B0, 1, 1;
L_00FEA680 .part L_000D8410, 3, 1;
L_00FEA418 .part L_000D8410, 2, 1;
L_00FEA940 .part L_000D8410, 1, 1;
L_00FEA7E0 .part L_000D84B0, 0, 1;
L_00FEA788 .part L_000D8410, 3, 1;
L_00FEA310 .part L_000D8410, 2, 1;
L_00FEA208 .part L_000D8410, 1, 1;
L_00FEA838 .part L_000D8410, 0, 1;
L_00FEA3C0 .part L_00FE94A0, 0, 1;
L_00FEA520 .part L_000D84B0, 4, 1;
L_00FEA368 .part L_000D8410, 4, 1;
L_00FEA578 .part L_000D84B0, 3, 1;
L_00FEA470 .part L_000D8410, 4, 1;
L_00FEA998 .part L_000D8410, 3, 1;
L_00FEA628 .part L_000D84B0, 2, 1;
L_00FEA9F0 .part L_000D8410, 4, 1;
L_00FEA890 .part L_000D8410, 3, 1;
L_00FEA260 .part L_000D8410, 2, 1;
L_00FEA0A8 .part L_000D84B0, 1, 1;
L_00FEA158 .part L_000D8410, 4, 1;
L_00FEA5D0 .part L_000D8410, 3, 1;
L_00FEA1B0 .part L_000D8410, 2, 1;
L_00FEA6D8 .part L_000D8410, 1, 1;
L_00FEA8E8 .part L_000D84B0, 0, 1;
L_00FEA2B8 .part L_000D8410, 4, 1;
L_00FEA730 .part L_000D8410, 3, 1;
L_00FEA4C8 .part L_000D8410, 2, 1;
L_00FEA100 .part L_000D8410, 1, 1;
L_00FE8E70 .part L_000D8410, 0, 1;
L_00FE8D68 .part L_00FE94A0, 0, 1;
L_00FE94F8 .part L_000D84B0, 5, 1;
L_00FE91E0 .part L_000D8410, 5, 1;
L_00FE8CB8 .part L_000D84B0, 4, 1;
L_00FE9028 .part L_000D8410, 5, 1;
L_00FE9080 .part L_000D8410, 4, 1;
L_00FE8DC0 .part L_000D84B0, 3, 1;
L_00FE8E18 .part L_000D8410, 5, 1;
L_00FE9130 .part L_000D8410, 4, 1;
L_00FE8AA8 .part L_000D8410, 3, 1;
L_00FE8BB0 .part L_000D84B0, 2, 1;
L_00FE9448 .part L_000D8410, 5, 1;
L_00FE8D10 .part L_000D8410, 4, 1;
L_00FE90D8 .part L_000D8410, 3, 1;
L_00FE9550 .part L_000D8410, 2, 1;
L_00FE9188 .part L_000D84B0, 1, 1;
L_00FE8FD0 .part L_000D8410, 5, 1;
L_00FE9238 .part L_000D8410, 4, 1;
L_00FE9290 .part L_000D8410, 3, 1;
L_00FE8EC8 .part L_000D8410, 2, 1;
L_00FE8B58 .part L_000D8410, 1, 1;
L_00FE8F20 .part L_000D84B0, 0, 1;
L_00FE8C08 .part L_000D8410, 5, 1;
L_00FE8F78 .part L_000D8410, 4, 1;
L_00FE92E8 .part L_000D8410, 3, 1;
L_00FE9340 .part L_000D8410, 2, 1;
L_00FE8B00 .part L_000D8410, 1, 1;
L_00FE9398 .part L_000D8410, 0, 1;
L_00FE93F0 .part L_00FE94A0, 0, 1;
LS_00FE94A0_0_0 .concat8 [ 1 1 1 1], L_000D8318, L_000D2FE8, L_00F81748, L_00FEB388;
LS_00FE94A0_0_4 .concat8 [ 1 1 1 1], L_00FEB4A8, L_00FECB18, L_00FED4A8, L_00FF31C8;
L_00FE94A0 .concat8 [ 4 4 0 0], LS_00FE94A0_0_0, LS_00FE94A0_0_4;
L_00FE8C60 .part L_000D84B0, 6, 1;
L_00FEFC00 .part L_000D8410, 6, 1;
L_00FEFC58 .part L_000D84B0, 5, 1;
L_00FEFF70 .part L_000D8410, 6, 1;
L_00FEFAF8 .part L_000D8410, 5, 1;
L_00FEF9F0 .part L_000D84B0, 4, 1;
L_00FEFCB0 .part L_000D8410, 6, 1;
L_00FEFBA8 .part L_000D8410, 5, 1;
L_00FEF940 .part L_000D8410, 4, 1;
L_00FF0020 .part L_000D84B0, 3, 1;
L_00FF0078 .part L_000D8410, 6, 1;
L_00FEF998 .part L_000D8410, 5, 1;
L_00FEFD08 .part L_000D8410, 4, 1;
L_00FEFEC0 .part L_000D8410, 3, 1;
L_00FEFD60 .part L_000D84B0, 2, 1;
L_00FF00D0 .part L_000D8410, 6, 1;
L_00FEFA48 .part L_000D8410, 5, 1;
L_00FEFF18 .part L_000D8410, 4, 1;
L_00FEFDB8 .part L_000D8410, 3, 1;
L_00FEFE68 .part L_000D8410, 2, 1;
L_00FF0390 .part L_000D84B0, 1, 1;
L_00FF0128 .part L_000D8410, 6, 1;
L_00FF0180 .part L_000D8410, 5, 1;
L_00FF01D8 .part L_000D8410, 4, 1;
L_00FEFFC8 .part L_000D8410, 3, 1;
L_00FEFE10 .part L_000D8410, 2, 1;
L_00FEFAA0 .part L_000D8410, 1, 1;
L_00FF0230 .part L_000D84B0, 0, 1;
L_00FEFB50 .part L_000D8410, 6, 1;
L_00FF0288 .part L_000D8410, 5, 1;
L_00FF02E0 .part L_000D8410, 4, 1;
L_00FF0338 .part L_000D8410, 3, 1;
L_00FEF8E8 .part L_000D8410, 2, 1;
L_00FF0B78 .part L_000D8410, 1, 1;
L_00FF0808 .part L_000D8410, 0, 1;
L_00FF0440 .part L_00FE94A0, 0, 1;
L_00FF0C28 .part L_000D84B0, 7, 1;
L_00FF0BD0 .part L_000D8410, 7, 1;
L_00FF0C80 .part L_000D84B0, 6, 1;
L_00FF0968 .part L_000D8410, 7, 1;
L_00FF0700 .part L_000D8410, 6, 1;
L_00FF0A18 .part L_000D84B0, 5, 1;
L_00FF0758 .part L_000D8410, 7, 1;
L_00FF0498 .part L_000D8410, 6, 1;
L_00FF0860 .part L_000D8410, 5, 1;
L_00FF0CD8 .part L_000D84B0, 4, 1;
L_00FF0A70 .part L_000D8410, 7, 1;
L_00FF06A8 .part L_000D8410, 6, 1;
L_00FF07B0 .part L_000D8410, 5, 1;
L_00FF0910 .part L_000D8410, 4, 1;
L_00FF03E8 .part L_000D84B0, 3, 1;
L_00FF09C0 .part L_000D8410, 7, 1;
L_00FF04F0 .part L_000D8410, 6, 1;
L_00FF05F8 .part L_000D8410, 5, 1;
L_00FF0548 .part L_000D8410, 4, 1;
L_00FF08B8 .part L_000D8410, 3, 1;
L_00FF0AC8 .part L_000D84B0, 2, 1;
L_00FF0D30 .part L_000D8410, 7, 1;
L_00FF0B20 .part L_000D8410, 6, 1;
L_00FF05A0 .part L_000D8410, 5, 1;
L_00FF0650 .part L_000D8410, 4, 1;
L_00FEF368 .part L_000D8410, 3, 1;
L_00FEF1B0 .part L_000D8410, 2, 1;
L_00FEEE98 .part L_000D84B0, 1, 1;
L_00FEF890 .part L_000D8410, 7, 1;
L_00FEEEF0 .part L_000D8410, 6, 1;
L_00FEF208 .part L_000D8410, 5, 1;
L_00FEF470 .part L_000D8410, 4, 1;
L_00FEF680 .part L_000D8410, 3, 1;
L_00FEEDE8 .part L_000D8410, 2, 1;
L_00FEF6D8 .part L_000D8410, 1, 1;
L_00FEF2B8 .part L_000D84B0, 0, 1;
L_00FEF418 .part L_000D8410, 7, 1;
L_00FEF4C8 .part L_000D8410, 6, 1;
L_00FEF730 .part L_000D8410, 5, 1;
L_00FEF520 .part L_000D8410, 4, 1;
L_00FEF158 .part L_000D8410, 3, 1;
L_00FEF578 .part L_000D8410, 2, 1;
L_00FEF788 .part L_000D8410, 1, 1;
L_00FEEF48 .part L_000D8410, 0, 1;
L_00FEF310 .part L_00FE94A0, 0, 1;
    .scope S_00F8A388;
T_0 ;
    %set/v v00FE95A8_0, 0, 1;
    %set/v v00FE9D90_0, 1, 8;
    %set/v v00FEA050_0, 1, 8;
    %end;
    .thread T_0;
    .scope S_00F8A388;
T_1 ;
    %vpi_call 2 25 "$monitor", $time, "  %b, %b, %b, %b, %b", v00FE9D90_0, v00FEA050_0, v00FE95A8_0, v00FE99C8_0, v00FE9BD8_0 {0 0};
    %end;
    .thread T_1;
# The file index is used to find the file name in the following table.
:file_names 4;
    "N/A";
    "<interactive>";
    "b.v";
    "a.v";
