#! c:/iverilog/bin/vvp
:ivl_version "0.10.0 (devel)" "(s20130827)";
:ivl_delay_selection "TYPICAL";
:vpi_time_precision + 0;
:vpi_module "system";
:vpi_module "vhdl_sys";
:vpi_module "v2005_math";
:vpi_module "va_math";
S_01252FF0 .scope module, "adder_tb" "adder_tb" 2 1;
 .timescale 0 0;
v010B4FB8_0 .var "a", 0 0;
v010B4F08_0 .var "b", 0 0;
v010B4C48_0 .var "c", 0 0;
v010B5118_0 .net "cout", 0 0, L_010930F8;  1 drivers
v010B4E00_0 .net "s", 0 0, L_01092F48;  1 drivers
S_012530C0 .scope module, "f1" "fulladder" 2 4, 3 1 0, S_01252FF0;
 .timescale 0 0;
    .port_info 0 /OUTPUT 1 "s"
    .port_info 1 /OUTPUT 1 "cout"
    .port_info 2 /INPUT 1 "a"
    .port_info 3 /INPUT 1 "b"
    .port_info 4 /INPUT 1 "c"
L_010934A0 .functor XOR 1, v010B4FB8_0, v010B4F08_0, C4<0>, C4<0>;
L_01092F48 .functor XOR 1, L_010934A0, v010B4C48_0, C4<0>, C4<0>;
L_010930B0 .functor AND 1, v010B4FB8_0, v010B4F08_0, C4<1>, C4<1>;
L_01093140 .functor AND 1, v010B4F08_0, v010B4C48_0, C4<1>, C4<1>;
L_01092FD8 .functor OR 1, L_010930B0, L_01093140, C4<0>, C4<0>;
L_01093020 .functor AND 1, v010B4C48_0, v010B4FB8_0, C4<1>, C4<1>;
L_010930F8 .functor OR 1, L_01092FD8, L_01093020, C4<0>, C4<0>;
v01253C48_0 .net *"_s0", 0 0, L_010934A0;  1 drivers
v01253CA0_0 .net *"_s10", 0 0, L_01093020;  1 drivers
v01253CF8_0 .net *"_s4", 0 0, L_010930B0;  1 drivers
v01253D50_0 .net *"_s6", 0 0, L_01093140;  1 drivers
v01253DA8_0 .net *"_s8", 0 0, L_01092FD8;  1 drivers
v0125B270_0 .net "a", 0 0, v010B4FB8_0;  1 drivers
v0125B2C8_0 .net "b", 0 0, v010B4F08_0;  1 drivers
v0125B320_0 .net "c", 0 0, v010B4C48_0;  1 drivers
v010B4EB0_0 .net "cout", 0 0, L_010930F8;  alias, 1 drivers
v010B4E58_0 .net "s", 0 0, L_01092F48;  alias, 1 drivers
    .scope S_01252FF0;
T_0 ;
    %set/v v010B4FB8_0, 1, 1;
    %set/v v010B4F08_0, 1, 1;
    %set/v v010B4C48_0, 1, 1;
    %delay 10, 0;
    %set/v v010B4FB8_0, 1, 1;
    %set/v v010B4F08_0, 1, 1;
    %set/v v010B4C48_0, 0, 1;
    %delay 10, 0;
    %set/v v010B4FB8_0, 1, 1;
    %set/v v010B4F08_0, 1, 1;
    %set/v v010B4C48_0, 1, 1;
    %delay 10, 0;
    %set/v v010B4FB8_0, 1, 1;
    %set/v v010B4F08_0, 0, 1;
    %set/v v010B4C48_0, 0, 1;
    %delay 10, 0;
    %set/v v010B4FB8_0, 1, 1;
    %set/v v010B4F08_0, 0, 1;
    %set/v v010B4C48_0, 1, 1;
    %delay 10, 0;
    %set/v v010B4FB8_0, 0, 1;
    %set/v v010B4F08_0, 1, 1;
    %set/v v010B4C48_0, 0, 1;
    %end;
    .thread T_0;
    .scope S_01252FF0;
T_1 ;
    %vpi_call 2 20 "$monitor", $time, "  %b, %b, %b, %b, %b", v010B4FB8_0, v010B4F08_0, v010B4C48_0, v010B4E00_0, v010B5118_0 {0 0};
    %end;
    .thread T_1;
# The file index is used to find the file name in the following table.
:file_names 4;
    "N/A";
    "<interactive>";
    "adder_tb.v";
    "adder.v";
